#
# There is insufficient memory for the Java Runtime Environment to continue.
# Native memory allocation (malloc) failed to allocate 1705936 bytes for Chunk::new
# Possible reasons:
#   The system is out of physical RAM or swap space
#   The process is running with CompressedOops enabled, and the Java Heap may be blocking the growth of the native heap
# Possible solutions:
#   Reduce memory load on the system
#   Increase physical memory or swap space
#   Check if swap backing store is full
#   Decrease Java heap size (-Xmx/-Xms)
#   Decrease number of Java threads
#   Decrease Java thread stack sizes (-Xss)
#   Set larger code cache with -XX:ReservedCodeCacheSize=
#   JVM is running with Unscaled Compressed Oops mode in which the Java heap is
#     placed in the first 4GB address space. The Java Heap base address is the
#     maximum limit for the native heap growth. Please use -XX:HeapBaseMinAddress
#     to set the Java Heap base and to place the Java Heap above 4GB virtual address.
# This output file may be truncated or incomplete.
#
#  Out of Memory Error (./src/hotspot/share/memory/arena.cpp:197), pid=18788, tid=14620
#
# JRE version: OpenJDK Runtime Environment (11.0.12+7) (build 11.0.12+7-b1504.28-7817840)
# Java VM: OpenJDK 64-Bit Server VM (11.0.12+7-b1504.28-7817840, mixed mode, tiered, compressed oops, g1 gc, windows-amd64)
# No core dump will be written. Minidumps are not enabled by default on client versions of Windows
#

---------------  S U M M A R Y ------------

Command Line: --add-opens=java.base/java.util=ALL-UNNAMED --add-opens=java.base/java.lang=ALL-UNNAMED --add-opens=java.base/java.lang.invoke=ALL-UNNAMED --add-opens=java.base/java.util=ALL-UNNAMED --add-opens=java.prefs/java.util.prefs=ALL-UNNAMED --add-opens=java.prefs/java.util.prefs=ALL-UNNAMED --add-opens=java.base/java.nio.charset=ALL-UNNAMED --add-opens=java.base/java.net=ALL-UNNAMED --add-opens=java.base/java.util.concurrent.atomic=ALL-UNNAMED -Xmx2048m -Dfile.encoding=UTF-8 -Duser.country=US -Duser.language=en -Duser.variant org.gradle.launcher.daemon.bootstrap.GradleDaemon 7.3.3

Host: AMD Ryzen 5 PRO 4650G with Radeon Graphics, 12 cores, 13G,  Windows 10 , 64 bit Build 19041 (10.0.19041.1889)
Time: Thu Aug 18 01:55:40 2022 Egypt Standard Time elapsed time: 12.714695 seconds (0d 0h 0m 12s)

---------------  T H R E A D  ---------------

Current thread (0x000002db68fd6800):  JavaThread "C2 CompilerThread0" daemon [_thread_in_native, id=14620, stack(0x000000e1d7f00000,0x000000e1d8000000)]


Current CompileTask:
C2:  12714 6073       4       org.objectweb.asm.MethodVisitor::visitLdcInsn (87 bytes)

Stack: [0x000000e1d7f00000,0x000000e1d8000000]
Native frames: (J=compiled Java code, j=interpreted, Vv=VM code, C=native code)
V  [jvm.dll+0x5fbcea]
V  [jvm.dll+0x731905]
V  [jvm.dll+0x732f1d]
V  [jvm.dll+0x7335d3]
V  [jvm.dll+0x247bf8]
V  [jvm.dll+0xc018c]
V  [jvm.dll+0xc06cc]
V  [jvm.dll+0x35b31d]
V  [jvm.dll+0x328803]
V  [jvm.dll+0x327cfa]
V  [jvm.dll+0x200602]
V  [jvm.dll+0x1ff794]
V  [jvm.dll+0x18868c]
V  [jvm.dll+0x20e0d7]
V  [jvm.dll+0x20c901]
V  [jvm.dll+0x6f9b7f]
V  [jvm.dll+0x6f26a5]
V  [jvm.dll+0x5fabf6]
C  [ucrtbase.dll+0x21bb2]
C  [KERNEL32.DLL+0x17034]
C  [ntdll.dll+0x52651]


---------------  P R O C E S S  ---------------

Threads class SMR info:
_java_thread_list=0x000002db6eeb81d0, length=167, elements={
0x000002db4de50800, 0x000002db68f70800, 0x000002db68f79800, 0x000002db68fce000,
0x000002db68fd2000, 0x000002db68fd3800, 0x000002db68fd6800, 0x000002db68fe4000,
0x000002db68fe5800, 0x000002db6915a000, 0x000002db6bdee800, 0x000002db6a2d1800,
0x000002db6a1f8800, 0x000002db6b159000, 0x000002db6b912800, 0x000002db6c9fa000,
0x000002db6aa24000, 0x000002db6c836800, 0x000002db6bdeb000, 0x000002db6b75f800,
0x000002db6b761800, 0x000002db6b763000, 0x000002db6b764000, 0x000002db6b762000,
0x000002db6b75e000, 0x000002db6b764800, 0x000002db6b75f000, 0x000002db6b760800,
0x000002db6c76e800, 0x000002db6c76a800, 0x000002db6c76b800, 0x000002db6c76c000,
0x000002db6c771000, 0x000002db6c772000, 0x000002db6c76f800, 0x000002db6c772800,
0x000002db6c76d000, 0x000002db6c773800, 0x000002db6c76e000, 0x000002db6c770000,
0x000002db6c777800, 0x000002db6c774800, 0x000002db6c778800, 0x000002db6c775000,
0x000002db6c776000, 0x000002db69815800, 0x000002db69813000, 0x000002db69816000,
0x000002db69817800, 0x000002db69817000, 0x000002db69818800, 0x000002db69813800,
0x000002db69819800, 0x000002db6981a000, 0x000002db69814800, 0x000002db6981e000,
0x000002db6981f000, 0x000002db69820000, 0x000002db69820800, 0x000002db6981c800,
0x000002db6981d800, 0x000002db6981c000, 0x000002db6981b000, 0x000002db69821800,
0x000002db6cd6d000, 0x000002db6cd71000, 0x000002db6cd72000, 0x000002db6cd6e800,
0x000002db6cd6c800, 0x000002db6cd6f800, 0x000002db6cd73000, 0x000002db6cd70800,
0x000002db6cd73800, 0x000002db6cd6e000, 0x000002db6cd7a000, 0x000002db6cd74800,
0x000002db6cd79800, 0x000002db6cd7b000, 0x000002db6cd75000, 0x000002db6cd78800,
0x000002db6cd76000, 0x000002db6cd77000, 0x000002db6cd77800, 0x000002db70140800,
0x000002db7013f800, 0x000002db7013b800, 0x000002db7013d800, 0x000002db7013e000,
0x000002db7013f000, 0x000002db7013b000, 0x000002db70141800, 0x000002db70142000,
0x000002db7013c800, 0x000002db70143000, 0x000002db70145800, 0x000002db70148800,
0x000002db70149800, 0x000002db70147000, 0x000002db70148000, 0x000002db70146000,
0x000002db70144800, 0x000002db70144000, 0x000002db73d4f800, 0x000002db73d4e800,
0x000002db73d4b000, 0x000002db73d4c000, 0x000002db73d51000, 0x000002db73d4d000,
0x000002db73d50000, 0x000002db73d52000, 0x000002db73d52800, 0x000002db73d53800,
0x000002db73d4d800, 0x000002db73d56800, 0x000002db73d58800, 0x000002db73d55000,
0x000002db73d5a000, 0x000002db73d56000, 0x000002db73d54000, 0x000002db73d57800,
0x000002db73d59000, 0x000002db6a60e000, 0x000002db6a609000, 0x000002db6a60f000,
0x000002db6a60f800, 0x000002db6a60a000, 0x000002db6a60a800, 0x000002db6a60d000,
0x000002db6a60b800, 0x000002db6a610800, 0x000002db6a611000, 0x000002db6a612000,
0x000002db6a60c800, 0x000002db6a616000, 0x000002db6a617800, 0x000002db6a614800,
0x000002db6a617000, 0x000002db6a613800, 0x000002db6a613000, 0x000002db6a615800,
0x000002db6bd10800, 0x000002db6bd0f000, 0x000002db6bd0d800, 0x000002db6bd10000,
0x000002db6bd0e800, 0x000002db6bd0b000, 0x000002db6bd0c800, 0x000002db6bd11800,
0x000002db6bd0c000, 0x000002db71579000, 0x000002db71579800, 0x000002db71574000,
0x000002db7157a800, 0x000002db71575800, 0x000002db6c6ab800, 0x000002db71576800,
0x000002db71577000, 0x000002db71574800, 0x000002db71578000, 0x000002db71bd0000,
0x000002db71bcf000, 0x000002db71bca000, 0x000002db71bcb000, 0x000002db71bce000,
0x000002db71bd0800, 0x000002db71bd1800, 0x000002db6c6ba800
}

Java Threads: ( => current thread )
  0x000002db4de50800 JavaThread "main" [_thread_blocked, id=14640, stack(0x000000e1d7300000,0x000000e1d7400000)]
  0x000002db68f70800 JavaThread "Reference Handler" daemon [_thread_blocked, id=660, stack(0x000000e1d7a00000,0x000000e1d7b00000)]
  0x000002db68f79800 JavaThread "Finalizer" daemon [_thread_blocked, id=8144, stack(0x000000e1d7b00000,0x000000e1d7c00000)]
  0x000002db68fce000 JavaThread "Signal Dispatcher" daemon [_thread_blocked, id=5684, stack(0x000000e1d7c00000,0x000000e1d7d00000)]
  0x000002db68fd2000 JavaThread "Attach Listener" daemon [_thread_blocked, id=15356, stack(0x000000e1d7d00000,0x000000e1d7e00000)]
  0x000002db68fd3800 JavaThread "Service Thread" daemon [_thread_blocked, id=6456, stack(0x000000e1d7e00000,0x000000e1d7f00000)]
=>0x000002db68fd6800 JavaThread "C2 CompilerThread0" daemon [_thread_in_native, id=14620, stack(0x000000e1d7f00000,0x000000e1d8000000)]
  0x000002db68fe4000 JavaThread "C1 CompilerThread0" daemon [_thread_blocked, id=11828, stack(0x000000e1d8000000,0x000000e1d8100000)]
  0x000002db68fe5800 JavaThread "Sweeper thread" daemon [_thread_blocked, id=6784, stack(0x000000e1d8100000,0x000000e1d8200000)]
  0x000002db6915a000 JavaThread "Common-Cleaner" daemon [_thread_blocked, id=3168, stack(0x000000e1d8200000,0x000000e1d8300000)]
  0x000002db6bdee800 JavaThread "Daemon health stats" [_thread_blocked, id=15412, stack(0x000000e1d8a00000,0x000000e1d8b00000)]
  0x000002db6a2d1800 JavaThread "Incoming local TCP Connector on port 25936" [_thread_in_native, id=6640, stack(0x000000e1d8b00000,0x000000e1d8c00000)]
  0x000002db6a1f8800 JavaThread "Daemon periodic checks" [_thread_blocked, id=14360, stack(0x000000e1d8c00000,0x000000e1d8d00000)]
  0x000002db6b159000 JavaThread "Daemon" [_thread_blocked, id=15092, stack(0x000000e1d8d00000,0x000000e1d8e00000)]
  0x000002db6b912800 JavaThread "Handler for socket connection from /127.0.0.1:25936 to /127.0.0.1:25937" [_thread_in_native, id=18552, stack(0x000000e1d8e00000,0x000000e1d8f00000)]
  0x000002db6c9fa000 JavaThread "Cancel handler" [_thread_blocked, id=11528, stack(0x000000e1d8f00000,0x000000e1d9000000)]
  0x000002db6aa24000 JavaThread "Daemon worker" [_thread_blocked, id=15260, stack(0x000000e1d9000000,0x000000e1d9100000)]
  0x000002db6c836800 JavaThread "Asynchronous log dispatcher for DefaultDaemonConnection: socket connection from /127.0.0.1:25936 to /127.0.0.1:25937" [_thread_blocked, id=2628, stack(0x000000e1d9100000,0x000000e1d9200000)]
  0x000002db6bdeb000 JavaThread "Stdin handler" [_thread_blocked, id=15552, stack(0x000000e1d9200000,0x000000e1d9300000)]
  0x000002db6b75f800 JavaThread "Daemon client event forwarder" [_thread_blocked, id=8808, stack(0x000000e1d9300000,0x000000e1d9400000)]
  0x000002db6b761800 JavaThread "Cache worker for journal cache (C:\Users\Khalid\.gradle\caches\journal-1)" [_thread_blocked, id=10176, stack(0x000000e1d9400000,0x000000e1d9500000)]
  0x000002db6b763000 JavaThread "File lock request listener" [_thread_in_native, id=15088, stack(0x000000e1d9500000,0x000000e1d9600000)]
  0x000002db6b764000 JavaThread "Cache worker for file hash cache (C:\Users\Khalid\.gradle\caches\7.3.3\fileHashes)" [_thread_blocked, id=8908, stack(0x000000e1d9d00000,0x000000e1d9e00000)]
  0x000002db6b762000 JavaThread "Cache worker for file hash cache (E:\Projects\AndroidKotlin\ANDK\ANDK_Project1\.gradle\7.3.3\fileHashes)" [_thread_blocked, id=1096, stack(0x000000e1d9e00000,0x000000e1d9f00000)]
  0x000002db6b75e000 JavaThread "File watcher server" daemon [_thread_in_native, id=10252, stack(0x000000e1d9f00000,0x000000e1da000000)]
  0x000002db6b764800 JavaThread "File watcher consumer" daemon [_thread_blocked, id=11344, stack(0x000000e1da000000,0x000000e1da100000)]
  0x000002db6b75f000 JavaThread "jar transforms" [_thread_blocked, id=16280, stack(0x000000e1da100000,0x000000e1da200000)]
  0x000002db6b760800 JavaThread "jar transforms Thread 2" [_thread_blocked, id=9380, stack(0x000000e1da200000,0x000000e1da300000)]
  0x000002db6c76e800 JavaThread "jar transforms Thread 3" [_thread_blocked, id=9844, stack(0x000000e1da300000,0x000000e1da400000)]
  0x000002db6c76a800 JavaThread "jar transforms Thread 4" [_thread_blocked, id=18884, stack(0x000000e1da400000,0x000000e1da500000)]
  0x000002db6c76b800 JavaThread "jar transforms Thread 5" [_thread_in_Java, id=16148, stack(0x000000e1da500000,0x000000e1da600000)]
  0x000002db6c76c000 JavaThread "jar transforms Thread 6" [_thread_blocked, id=444, stack(0x000000e1da600000,0x000000e1da700000)]
  0x000002db6c771000 JavaThread "jar transforms Thread 7" [_thread_blocked, id=5876, stack(0x000000e1da700000,0x000000e1da800000)]
  0x000002db6c772000 JavaThread "jar transforms Thread 8" [_thread_blocked, id=8332, stack(0x000000e1da800000,0x000000e1da900000)]
  0x000002db6c76f800 JavaThread "jar transforms Thread 9" [_thread_blocked, id=17588, stack(0x000000e1da900000,0x000000e1daa00000)]
  0x000002db6c772800 JavaThread "jar transforms Thread 10" [_thread_blocked, id=11832, stack(0x000000e1daa00000,0x000000e1dab00000)]
  0x000002db6c76d000 JavaThread "jar transforms Thread 11" [_thread_blocked, id=9140, stack(0x000000e1dab00000,0x000000e1dac00000)]
  0x000002db6c773800 JavaThread "jar transforms Thread 12" [_thread_blocked, id=8660, stack(0x000000e1dac00000,0x000000e1dad00000)]
  0x000002db6c76e000 JavaThread "Cache worker for checksums cache (E:\Projects\AndroidKotlin\ANDK\ANDK_Project1\.gradle\7.3.3\checksums)" [_thread_blocked, id=18008, stack(0x000000e1dad00000,0x000000e1dae00000)]
  0x000002db6c770000 JavaThread "Cache worker for cache directory md-supplier (C:\Users\Khalid\.gradle\caches\7.3.3\md-supplier)" [_thread_blocked, id=14144, stack(0x000000e1dae00000,0x000000e1daf00000)]
  0x000002db6c777800 JavaThread "Cache worker for cache directory md-rule (C:\Users\Khalid\.gradle\caches\7.3.3\md-rule)" [_thread_blocked, id=16756, stack(0x000000e1daf00000,0x000000e1db000000)]
  0x000002db6c774800 JavaThread "Cache worker for execution history cache (C:\Users\Khalid\.gradle\caches\7.3.3\executionHistory)" [_thread_blocked, id=6020, stack(0x000000e1db000000,0x000000e1db100000)]
  0x000002db6c778800 JavaThread "Cache worker for file content cache (C:\Users\Khalid\.gradle\caches\7.3.3\fileContent)" [_thread_blocked, id=9516, stack(0x000000e1db100000,0x000000e1db200000)]
  0x000002db6c775000 JavaThread "Cache worker for dependencies-accessors (E:\Projects\AndroidKotlin\ANDK\ANDK_Project1\.gradle\7.3.3\dependencies-accessors)" [_thread_blocked, id=7684, stack(0x000000e1db200000,0x000000e1db300000)]
  0x000002db6c776000 JavaThread "Cache worker for Build Output Cleanup Cache (E:\Projects\AndroidKotlin\ANDK\ANDK_Project1\.gradle\buildOutputCleanup)" [_thread_blocked, id=13756, stack(0x000000e1db300000,0x000000e1db400000)]
  0x000002db69815800 JavaThread "Unconstrained build operations" [_thread_blocked, id=15968, stack(0x000000e1d8400000,0x000000e1d8500000)]
  0x000002db69813000 JavaThread "Unconstrained build operations Thread 2" [_thread_blocked, id=8492, stack(0x000000e1d8900000,0x000000e1d8a00000)]
  0x000002db69816000 JavaThread "Unconstrained build operations Thread 3" [_thread_blocked, id=13196, stack(0x000000e1db400000,0x000000e1db500000)]
  0x000002db69817800 JavaThread "Unconstrained build operations Thread 4" [_thread_blocked, id=12700, stack(0x000000e1db500000,0x000000e1db600000)]
  0x000002db69817000 JavaThread "Unconstrained build operations Thread 5" [_thread_blocked, id=1048, stack(0x000000e1db600000,0x000000e1db700000)]
  0x000002db69818800 JavaThread "Unconstrained build operations Thread 6" [_thread_blocked, id=1448, stack(0x000000e1db700000,0x000000e1db800000)]
  0x000002db69813800 JavaThread "Unconstrained build operations Thread 7" [_thread_blocked, id=16412, stack(0x000000e1db800000,0x000000e1db900000)]
  0x000002db69819800 JavaThread "Unconstrained build operations Thread 8" [_thread_blocked, id=15480, stack(0x000000e1db900000,0x000000e1dba00000)]
  0x000002db6981a000 JavaThread "Unconstrained build operations Thread 9" [_thread_blocked, id=18952, stack(0x000000e1dba00000,0x000000e1dbb00000)]
  0x000002db69814800 JavaThread "Unconstrained build operations Thread 10" [_thread_blocked, id=16360, stack(0x000000e1dbb00000,0x000000e1dbc00000)]
  0x000002db6981e000 JavaThread "Unconstrained build operations Thread 11" [_thread_blocked, id=16140, stack(0x000000e1dbc00000,0x000000e1dbd00000)]
  0x000002db6981f000 JavaThread "Unconstrained build operations Thread 12" [_thread_blocked, id=8632, stack(0x000000e1dbd00000,0x000000e1dbe00000)]
  0x000002db69820000 JavaThread "Unconstrained build operations Thread 13" [_thread_blocked, id=7856, stack(0x000000e1dbe00000,0x000000e1dbf00000)]
  0x000002db69820800 JavaThread "Unconstrained build operations Thread 14" [_thread_blocked, id=4028, stack(0x000000e1dbf00000,0x000000e1dc000000)]
  0x000002db6981c800 JavaThread "Unconstrained build operations Thread 15" [_thread_blocked, id=15880, stack(0x000000e1dc000000,0x000000e1dc100000)]
  0x000002db6981d800 JavaThread "Unconstrained build operations Thread 16" [_thread_blocked, id=8040, stack(0x000000e1dc100000,0x000000e1dc200000)]
  0x000002db6981c000 JavaThread "Unconstrained build operations Thread 17" [_thread_blocked, id=16604, stack(0x000000e1dc200000,0x000000e1dc300000)]
  0x000002db6981b000 JavaThread "Unconstrained build operations Thread 18" [_thread_blocked, id=11208, stack(0x000000e1dc300000,0x000000e1dc400000)]
  0x000002db69821800 JavaThread "Unconstrained build operations Thread 19" [_thread_blocked, id=14400, stack(0x000000e1dc400000,0x000000e1dc500000)]
  0x000002db6cd6d000 JavaThread "Unconstrained build operations Thread 20" [_thread_blocked, id=16304, stack(0x000000e1dc500000,0x000000e1dc600000)]
  0x000002db6cd71000 JavaThread "Unconstrained build operations Thread 21" [_thread_blocked, id=15664, stack(0x000000e1dc600000,0x000000e1dc700000)]
  0x000002db6cd72000 JavaThread "Unconstrained build operations Thread 22" [_thread_blocked, id=14412, stack(0x000000e1dc700000,0x000000e1dc800000)]
  0x000002db6cd6e800 JavaThread "Unconstrained build operations Thread 23" [_thread_blocked, id=6832, stack(0x000000e1dc800000,0x000000e1dc900000)]
  0x000002db6cd6c800 JavaThread "Unconstrained build operations Thread 24" [_thread_blocked, id=17024, stack(0x000000e1dc900000,0x000000e1dca00000)]
  0x000002db6cd6f800 JavaThread "Unconstrained build operations Thread 25" [_thread_blocked, id=14116, stack(0x000000e1dca00000,0x000000e1dcb00000)]
  0x000002db6cd73000 JavaThread "Unconstrained build operations Thread 26" [_thread_blocked, id=8644, stack(0x000000e1dcb00000,0x000000e1dcc00000)]
  0x000002db6cd70800 JavaThread "Unconstrained build operations Thread 27" [_thread_blocked, id=11288, stack(0x000000e1dcc00000,0x000000e1dcd00000)]
  0x000002db6cd73800 JavaThread "Unconstrained build operations Thread 28" [_thread_blocked, id=19016, stack(0x000000e1dcd00000,0x000000e1dce00000)]
  0x000002db6cd6e000 JavaThread "Unconstrained build operations Thread 29" [_thread_blocked, id=1484, stack(0x000000e1dce00000,0x000000e1dcf00000)]
  0x000002db6cd7a000 JavaThread "Unconstrained build operations Thread 30" [_thread_blocked, id=2908, stack(0x000000e1dcf00000,0x000000e1dd000000)]
  0x000002db6cd74800 JavaThread "Unconstrained build operations Thread 31" [_thread_blocked, id=11404, stack(0x000000e1dd000000,0x000000e1dd100000)]
  0x000002db6cd79800 JavaThread "Unconstrained build operations Thread 32" [_thread_blocked, id=18360, stack(0x000000e1dd100000,0x000000e1dd200000)]
  0x000002db6cd7b000 JavaThread "Unconstrained build operations Thread 33" [_thread_blocked, id=11496, stack(0x000000e1dd200000,0x000000e1dd300000)]
  0x000002db6cd75000 JavaThread "Unconstrained build operations Thread 34" [_thread_blocked, id=19368, stack(0x000000e1dd300000,0x000000e1dd400000)]
  0x000002db6cd78800 JavaThread "Unconstrained build operations Thread 35" [_thread_blocked, id=15684, stack(0x000000e1dd400000,0x000000e1dd500000)]
  0x000002db6cd76000 JavaThread "Unconstrained build operations Thread 36" [_thread_blocked, id=10104, stack(0x000000e1dd500000,0x000000e1dd600000)]
  0x000002db6cd77000 JavaThread "Unconstrained build operations Thread 37" [_thread_blocked, id=3248, stack(0x000000e1dd600000,0x000000e1dd700000)]
  0x000002db6cd77800 JavaThread "Unconstrained build operations Thread 38" [_thread_blocked, id=15500, stack(0x000000e1dd700000,0x000000e1dd800000)]
  0x000002db70140800 JavaThread "Unconstrained build operations Thread 39" [_thread_blocked, id=1648, stack(0x000000e1dd800000,0x000000e1dd900000)]
  0x000002db7013f800 JavaThread "Unconstrained build operations Thread 40" [_thread_blocked, id=9372, stack(0x000000e1dd900000,0x000000e1dda00000)]
  0x000002db7013b800 JavaThread "Unconstrained build operations Thread 41" [_thread_blocked, id=11168, stack(0x000000e1dda00000,0x000000e1ddb00000)]
  0x000002db7013d800 JavaThread "Unconstrained build operations Thread 42" [_thread_blocked, id=12344, stack(0x000000e1ddb00000,0x000000e1ddc00000)]
  0x000002db7013e000 JavaThread "Unconstrained build operations Thread 43" [_thread_blocked, id=3120, stack(0x000000e1ddc00000,0x000000e1ddd00000)]
  0x000002db7013f000 JavaThread "Unconstrained build operations Thread 44" [_thread_blocked, id=16068, stack(0x000000e1ddd00000,0x000000e1dde00000)]
  0x000002db7013b000 JavaThread "Unconstrained build operations Thread 45" [_thread_blocked, id=10472, stack(0x000000e1dde00000,0x000000e1ddf00000)]
  0x000002db70141800 JavaThread "Unconstrained build operations Thread 46" [_thread_blocked, id=11028, stack(0x000000e1ddf00000,0x000000e1de000000)]
  0x000002db70142000 JavaThread "Unconstrained build operations Thread 47" [_thread_blocked, id=12280, stack(0x000000e1de000000,0x000000e1de100000)]
  0x000002db7013c800 JavaThread "Unconstrained build operations Thread 48" [_thread_blocked, id=15804, stack(0x000000e1de100000,0x000000e1de200000)]
  0x000002db70143000 JavaThread "Unconstrained build operations Thread 49" [_thread_blocked, id=9440, stack(0x000000e1de200000,0x000000e1de300000)]
  0x000002db70145800 JavaThread "Unconstrained build operations Thread 50" [_thread_blocked, id=3164, stack(0x000000e1de300000,0x000000e1de400000)]
  0x000002db70148800 JavaThread "Unconstrained build operations Thread 51" [_thread_blocked, id=9148, stack(0x000000e1de400000,0x000000e1de500000)]
  0x000002db70149800 JavaThread "Unconstrained build operations Thread 52" [_thread_blocked, id=5912, stack(0x000000e1de500000,0x000000e1de600000)]
  0x000002db70147000 JavaThread "Unconstrained build operations Thread 53" [_thread_blocked, id=4668, stack(0x000000e1de600000,0x000000e1de700000)]
  0x000002db70148000 JavaThread "Unconstrained build operations Thread 54" [_thread_blocked, id=3116, stack(0x000000e1de700000,0x000000e1de800000)]
  0x000002db70146000 JavaThread "Unconstrained build operations Thread 55" [_thread_blocked, id=3504, stack(0x000000e1de800000,0x000000e1de900000)]
  0x000002db70144800 JavaThread "Unconstrained build operations Thread 56" [_thread_blocked, id=9448, stack(0x000000e1de900000,0x000000e1dea00000)]
  0x000002db70144000 JavaThread "Unconstrained build operations Thread 57" [_thread_blocked, id=18568, stack(0x000000e1dea00000,0x000000e1deb00000)]
  0x000002db73d4f800 JavaThread "Unconstrained build operations Thread 58" [_thread_blocked, id=16200, stack(0x000000e1deb00000,0x000000e1dec00000)]
  0x000002db73d4e800 JavaThread "Unconstrained build operations Thread 59" [_thread_blocked, id=17116, stack(0x000000e1dec00000,0x000000e1ded00000)]
  0x000002db73d4b000 JavaThread "Unconstrained build operations Thread 60" [_thread_blocked, id=7664, stack(0x000000e1ded00000,0x000000e1dee00000)]
  0x000002db73d4c000 JavaThread "Unconstrained build operations Thread 61" [_thread_blocked, id=9940, stack(0x000000e1dee00000,0x000000e1def00000)]
  0x000002db73d51000 JavaThread "Unconstrained build operations Thread 62" [_thread_blocked, id=9016, stack(0x000000e1def00000,0x000000e1df000000)]
  0x000002db73d4d000 JavaThread "Unconstrained build operations Thread 63" [_thread_blocked, id=18860, stack(0x000000e1df000000,0x000000e1df100000)]
  0x000002db73d50000 JavaThread "Unconstrained build operations Thread 64" [_thread_blocked, id=15284, stack(0x000000e1df100000,0x000000e1df200000)]
  0x000002db73d52000 JavaThread "Unconstrained build operations Thread 65" [_thread_blocked, id=17332, stack(0x000000e1df200000,0x000000e1df300000)]
  0x000002db73d52800 JavaThread "Unconstrained build operations Thread 66" [_thread_blocked, id=10372, stack(0x000000e1df300000,0x000000e1df400000)]
  0x000002db73d53800 JavaThread "Unconstrained build operations Thread 67" [_thread_blocked, id=18536, stack(0x000000e1df400000,0x000000e1df500000)]
  0x000002db73d4d800 JavaThread "Unconstrained build operations Thread 68" [_thread_blocked, id=17900, stack(0x000000e1df500000,0x000000e1df600000)]
  0x000002db73d56800 JavaThread "Unconstrained build operations Thread 69" [_thread_blocked, id=15132, stack(0x000000e1df600000,0x000000e1df700000)]
  0x000002db73d58800 JavaThread "Unconstrained build operations Thread 70" [_thread_blocked, id=7160, stack(0x000000e1df700000,0x000000e1df800000)]
  0x000002db73d55000 JavaThread "Unconstrained build operations Thread 71" [_thread_blocked, id=1044, stack(0x000000e1df800000,0x000000e1df900000)]
  0x000002db73d5a000 JavaThread "Unconstrained build operations Thread 72" [_thread_blocked, id=16948, stack(0x000000e1df900000,0x000000e1dfa00000)]
  0x000002db73d56000 JavaThread "Unconstrained build operations Thread 73" [_thread_blocked, id=3560, stack(0x000000e1dfa00000,0x000000e1dfb00000)]
  0x000002db73d54000 JavaThread "Unconstrained build operations Thread 74" [_thread_blocked, id=14052, stack(0x000000e1dfb00000,0x000000e1dfc00000)]
  0x000002db73d57800 JavaThread "Unconstrained build operations Thread 75" [_thread_blocked, id=18068, stack(0x000000e1dfc00000,0x000000e1dfd00000)]
  0x000002db73d59000 JavaThread "Unconstrained build operations Thread 76" [_thread_blocked, id=1980, stack(0x000000e1dfd00000,0x000000e1dfe00000)]
  0x000002db6a60e000 JavaThread "Unconstrained build operations Thread 77" [_thread_blocked, id=17432, stack(0x000000e1dfe00000,0x000000e1dff00000)]
  0x000002db6a609000 JavaThread "Unconstrained build operations Thread 78" [_thread_blocked, id=7992, stack(0x000000e1dff00000,0x000000e1e0000000)]
  0x000002db6a60f000 JavaThread "Unconstrained build operations Thread 79" [_thread_blocked, id=3444, stack(0x000000e1e0000000,0x000000e1e0100000)]
  0x000002db6a60f800 JavaThread "Unconstrained build operations Thread 80" [_thread_blocked, id=2944, stack(0x000000e1e0100000,0x000000e1e0200000)]
  0x000002db6a60a000 JavaThread "Unconstrained build operations Thread 81" [_thread_blocked, id=7644, stack(0x000000e1e0200000,0x000000e1e0300000)]
  0x000002db6a60a800 JavaThread "Unconstrained build operations Thread 82" [_thread_blocked, id=9252, stack(0x000000e1e0300000,0x000000e1e0400000)]
  0x000002db6a60d000 JavaThread "Unconstrained build operations Thread 83" [_thread_blocked, id=13644, stack(0x000000e1e0400000,0x000000e1e0500000)]
  0x000002db6a60b800 JavaThread "Unconstrained build operations Thread 84" [_thread_blocked, id=2752, stack(0x000000e1e0500000,0x000000e1e0600000)]
  0x000002db6a610800 JavaThread "Unconstrained build operations Thread 85" [_thread_blocked, id=12376, stack(0x000000e1e0600000,0x000000e1e0700000)]
  0x000002db6a611000 JavaThread "Unconstrained build operations Thread 86" [_thread_blocked, id=16144, stack(0x000000e1e0700000,0x000000e1e0800000)]
  0x000002db6a612000 JavaThread "Unconstrained build operations Thread 87" [_thread_blocked, id=13892, stack(0x000000e1e0800000,0x000000e1e0900000)]
  0x000002db6a60c800 JavaThread "Unconstrained build operations Thread 88" [_thread_blocked, id=6564, stack(0x000000e1e0900000,0x000000e1e0a00000)]
  0x000002db6a616000 JavaThread "Unconstrained build operations Thread 89" [_thread_blocked, id=8096, stack(0x000000e1e0a00000,0x000000e1e0b00000)]
  0x000002db6a617800 JavaThread "Unconstrained build operations Thread 90" [_thread_blocked, id=19392, stack(0x000000e1e0b00000,0x000000e1e0c00000)]
  0x000002db6a614800 JavaThread "Unconstrained build operations Thread 91" [_thread_blocked, id=596, stack(0x000000e1e0c00000,0x000000e1e0d00000)]
  0x000002db6a617000 JavaThread "Unconstrained build operations Thread 92" [_thread_blocked, id=3488, stack(0x000000e1e0d00000,0x000000e1e0e00000)]
  0x000002db6a613800 JavaThread "Unconstrained build operations Thread 93" [_thread_blocked, id=19216, stack(0x000000e1e0e00000,0x000000e1e0f00000)]
  0x000002db6a613000 JavaThread "Unconstrained build operations Thread 94" [_thread_blocked, id=5840, stack(0x000000e1e0f00000,0x000000e1e1000000)]
  0x000002db6a615800 JavaThread "Unconstrained build operations Thread 95" [_thread_blocked, id=18584, stack(0x000000e1e1000000,0x000000e1e1100000)]
  0x000002db6bd10800 JavaThread "Unconstrained build operations Thread 96" [_thread_blocked, id=19236, stack(0x000000e1e1100000,0x000000e1e1200000)]
  0x000002db6bd0f000 JavaThread "Unconstrained build operations Thread 97" [_thread_blocked, id=14484, stack(0x000000e1e1200000,0x000000e1e1300000)]
  0x000002db6bd0d800 JavaThread "Unconstrained build operations Thread 98" [_thread_blocked, id=11884, stack(0x000000e1e1300000,0x000000e1e1400000)]
  0x000002db6bd10000 JavaThread "Unconstrained build operations Thread 99" [_thread_blocked, id=2616, stack(0x000000e1e1400000,0x000000e1e1500000)]
  0x000002db6bd0e800 JavaThread "Unconstrained build operations Thread 100" [_thread_blocked, id=2228, stack(0x000000e1e1500000,0x000000e1e1600000)]
  0x000002db6bd0b000 JavaThread "Unconstrained build operations Thread 101" [_thread_blocked, id=13076, stack(0x000000e1e1600000,0x000000e1e1700000)]
  0x000002db6bd0c800 JavaThread "Unconstrained build operations Thread 102" [_thread_blocked, id=19132, stack(0x000000e1e1700000,0x000000e1e1800000)]
  0x000002db6bd11800 JavaThread "Unconstrained build operations Thread 103" [_thread_blocked, id=15288, stack(0x000000e1e1800000,0x000000e1e1900000)]
  0x000002db6bd0c000 JavaThread "Unconstrained build operations Thread 104" [_thread_blocked, id=5780, stack(0x000000e1e1900000,0x000000e1e1a00000)]
  0x000002db71579000 JavaThread "Unconstrained build operations Thread 105" [_thread_blocked, id=2424, stack(0x000000e1e1a00000,0x000000e1e1b00000)]
  0x000002db71579800 JavaThread "Unconstrained build operations Thread 106" [_thread_blocked, id=12548, stack(0x000000e1e1b00000,0x000000e1e1c00000)]
  0x000002db71574000 JavaThread "Unconstrained build operations Thread 107" [_thread_blocked, id=14016, stack(0x000000e1e1c00000,0x000000e1e1d00000)]
  0x000002db7157a800 JavaThread "Unconstrained build operations Thread 108" [_thread_blocked, id=9120, stack(0x000000e1e1d00000,0x000000e1e1e00000)]
  0x000002db71575800 JavaThread "Unconstrained build operations Thread 109" [_thread_blocked, id=15296, stack(0x000000e1e1e00000,0x000000e1e1f00000)]
  0x000002db6c6ab800 JavaThread "C2 CompilerThread1" daemon [_thread_in_vm, id=5760, stack(0x000000e1e1f00000,0x000000e1e2000000)]
  0x000002db71576800 JavaThread "Unconstrained build operations Thread 110" [_thread_blocked, id=19428, stack(0x000000e1e2000000,0x000000e1e2100000)]
  0x000002db71577000 JavaThread "Unconstrained build operations Thread 111" [_thread_blocked, id=7884, stack(0x000000e1e2100000,0x000000e1e2200000)]
  0x000002db71574800 JavaThread "Unconstrained build operations Thread 112" [_thread_blocked, id=13812, stack(0x000000e1e2200000,0x000000e1e2300000)]
  0x000002db71578000 JavaThread "Unconstrained build operations Thread 113" [_thread_blocked, id=7188, stack(0x000000e1e2300000,0x000000e1e2400000)]
  0x000002db71bd0000 JavaThread "Unconstrained build operations Thread 114" [_thread_blocked, id=15232, stack(0x000000e1e2400000,0x000000e1e2500000)]
  0x000002db71bcf000 JavaThread "Unconstrained build operations Thread 115" [_thread_blocked, id=13028, stack(0x000000e1e2500000,0x000000e1e2600000)]
  0x000002db71bca000 JavaThread "Unconstrained build operations Thread 116" [_thread_blocked, id=3224, stack(0x000000e1e2600000,0x000000e1e2700000)]
  0x000002db71bcb000 JavaThread "Unconstrained build operations Thread 117" [_thread_blocked, id=3572, stack(0x000000e1e2700000,0x000000e1e2800000)]
  0x000002db71bce000 JavaThread "Unconstrained build operations Thread 118" [_thread_blocked, id=10924, stack(0x000000e1e2800000,0x000000e1e2900000)]
  0x000002db71bd0800 JavaThread "Unconstrained build operations Thread 119" [_thread_blocked, id=7056, stack(0x000000e1e2900000,0x000000e1e2a00000)]
  0x000002db71bd1800 JavaThread "Unconstrained build operations Thread 120" [_thread_blocked, id=8688, stack(0x000000e1e2a00000,0x000000e1e2b00000)]
  0x000002db6c6ba800 JavaThread "C2 CompilerThread2" daemon [_thread_in_native, id=16820, stack(0x000000e1e2b00000,0x000000e1e2c00000)]

Other Threads:
  0x000002db68f6b800 VMThread "VM Thread" [stack: 0x000000e1d7900000,0x000000e1d7a00000] [id=13524]
  0x000002db69194800 WatcherThread [stack: 0x000000e1d8300000,0x000000e1d8400000] [id=14408]
  0x000002db4de65000 GCTaskThread "GC Thread#0" [stack: 0x000000e1d7400000,0x000000e1d7500000] [id=18852]
  0x000002db6a447800 GCTaskThread "GC Thread#1" [stack: 0x000000e1d8500000,0x000000e1d8600000] [id=13832]
  0x000002db6a28b800 GCTaskThread "GC Thread#2" [stack: 0x000000e1d8600000,0x000000e1d8700000] [id=11172]
  0x000002db69e53800 GCTaskThread "GC Thread#3" [stack: 0x000000e1d8700000,0x000000e1d8800000] [id=8556]
  0x000002db69cb5800 GCTaskThread "GC Thread#4" [stack: 0x000000e1d8800000,0x000000e1d8900000] [id=10856]
  0x000002db6b9ad800 GCTaskThread "GC Thread#5" [stack: 0x000000e1d9600000,0x000000e1d9700000] [id=9136]
  0x000002db6c3e1800 GCTaskThread "GC Thread#6" [stack: 0x000000e1d9700000,0x000000e1d9800000] [id=11508]
  0x000002db6a826000 GCTaskThread "GC Thread#7" [stack: 0x000000e1d9800000,0x000000e1d9900000] [id=13900]
  0x000002db6a6ce000 GCTaskThread "GC Thread#8" [stack: 0x000000e1d9900000,0x000000e1d9a00000] [id=7052]
  0x000002db6a2c4800 GCTaskThread "GC Thread#9" [stack: 0x000000e1d9a00000,0x000000e1d9b00000] [id=4488]
  0x000002db4de99000 ConcurrentGCThread "G1 Main Marker" [stack: 0x000000e1d7500000,0x000000e1d7600000] [id=11448]
  0x000002db4de9a000 ConcurrentGCThread "G1 Conc#0" [stack: 0x000000e1d7600000,0x000000e1d7700000] [id=13508]
  0x000002db6ab00000 ConcurrentGCThread "G1 Conc#1" [stack: 0x000000e1d9b00000,0x000000e1d9c00000] [id=10888]
  0x000002db69cc4000 ConcurrentGCThread "G1 Conc#2" [stack: 0x000000e1d9c00000,0x000000e1d9d00000] [id=16028]
  0x000002db685bd800 ConcurrentGCThread "G1 Refine#0" [stack: 0x000000e1d7700000,0x000000e1d7800000] [id=19280]
  0x000002db685be800 ConcurrentGCThread "G1 Young RemSet Sampling" [stack: 0x000000e1d7800000,0x000000e1d7900000] [id=1600]

Threads with active compile tasks:
C2 CompilerThread0  12749 6073       4       org.objectweb.asm.MethodVisitor::visitLdcInsn (87 bytes)
C2 CompilerThread1  12749 6088       4       java.util.StringTokenizer::nextToken (92 bytes)
C2 CompilerThread2  12749 6115 %     4       org.objectweb.asm.ClassReader::readCode @ 1738 (5109 bytes)

VM state:not at safepoint (normal execution)

VM Mutex/Monitor currently owned by a thread: None

Heap address: 0x0000000080000000, size: 2048 MB, Compressed Oops mode: 32-bit
Narrow klass base: 0x0000000000000000, Narrow klass shift: 3
Compressed class space size: 1073741824 Address: 0x0000000100000000

Heap:
 garbage-first heap   total 229376K, used 130397K [0x0000000080000000, 0x0000000100000000)
  region size 1024K, 70 young (71680K), 6 survivors (6144K)
 Metaspace       used 51815K, capacity 53355K, committed 53504K, reserved 1095680K
  class space    used 6638K, capacity 7138K, committed 7168K, reserved 1048576K
Heap Regions: E=young(eden), S=young(survivor), O=old, HS=humongous(starts), HC=humongous(continues), CS=collection set, F=free, A=archive, TAMS=top-at-mark-start (previous, next)
|   0|0x0000000080000000, 0x0000000080100000, 0x0000000080100000|100%| O|  |TAMS 0x0000000080100000, 0x0000000080000000| Untracked 
|   1|0x0000000080100000, 0x0000000080200000, 0x0000000080200000|100%| O|  |TAMS 0x0000000080200000, 0x0000000080100000| Untracked 
|   2|0x0000000080200000, 0x0000000080300000, 0x0000000080300000|100%| O|  |TAMS 0x0000000080300000, 0x0000000080200000| Untracked 
|   3|0x0000000080300000, 0x0000000080400000, 0x0000000080400000|100%|HS|  |TAMS 0x0000000080400000, 0x0000000080300000| Complete 
|   4|0x0000000080400000, 0x0000000080500000, 0x0000000080500000|100%|HC|  |TAMS 0x0000000080500000, 0x0000000080400000| Complete 
|   5|0x0000000080500000, 0x0000000080600000, 0x0000000080600000|100%|HC|  |TAMS 0x0000000080600000, 0x0000000080500000| Complete 
|   6|0x0000000080600000, 0x0000000080700000, 0x0000000080700000|100%| O|  |TAMS 0x0000000080700000, 0x0000000080600000| Untracked 
|   7|0x0000000080700000, 0x0000000080800000, 0x0000000080800000|100%| O|  |TAMS 0x0000000080800000, 0x0000000080700000| Untracked 
|   8|0x0000000080800000, 0x0000000080900000, 0x0000000080900000|100%| O|  |TAMS 0x0000000080900000, 0x0000000080800000| Untracked 
|   9|0x0000000080900000, 0x0000000080a00000, 0x0000000080a00000|100%| O|  |TAMS 0x0000000080a00000, 0x0000000080900000| Untracked 
|  10|0x0000000080a00000, 0x0000000080b00000, 0x0000000080b00000|100%| O|  |TAMS 0x0000000080b00000, 0x0000000080a00000| Untracked 
|  11|0x0000000080b00000, 0x0000000080c00000, 0x0000000080c00000|100%| O|  |TAMS 0x0000000080c00000, 0x0000000080b00000| Untracked 
|  12|0x0000000080c00000, 0x0000000080d00000, 0x0000000080d00000|100%| O|  |TAMS 0x0000000080d00000, 0x0000000080c00000| Untracked 
|  13|0x0000000080d00000, 0x0000000080e00000, 0x0000000080e00000|100%| O|  |TAMS 0x0000000080e00000, 0x0000000080d00000| Untracked 
|  14|0x0000000080e00000, 0x0000000080f00000, 0x0000000080f00000|100%| O|  |TAMS 0x0000000080f00000, 0x0000000080e00000| Untracked 
|  15|0x0000000080f00000, 0x0000000081000000, 0x0000000081000000|100%| O|  |TAMS 0x0000000081000000, 0x0000000080f00000| Untracked 
|  16|0x0000000081000000, 0x0000000081100000, 0x0000000081100000|100%| O|  |TAMS 0x00000000810a0c00, 0x0000000081000000| Untracked 
|  17|0x0000000081100000, 0x0000000081200000, 0x0000000081200000|100%|HS|  |TAMS 0x0000000081200000, 0x0000000081100000| Complete 
|  18|0x0000000081200000, 0x0000000081300000, 0x0000000081300000|100%|HC|  |TAMS 0x0000000081300000, 0x0000000081200000| Complete 
|  19|0x0000000081300000, 0x0000000081400000, 0x0000000081400000|100%|HS|  |TAMS 0x0000000081400000, 0x0000000081300000| Complete 
|  20|0x0000000081400000, 0x0000000081500000, 0x0000000081500000|100%|HC|  |TAMS 0x0000000081500000, 0x0000000081400000| Complete 
|  21|0x0000000081500000, 0x0000000081600000, 0x0000000081600000|100%|HC|  |TAMS 0x0000000081600000, 0x0000000081500000| Complete 
|  22|0x0000000081600000, 0x0000000081700000, 0x0000000081700000|100%|HS|  |TAMS 0x0000000081700000, 0x0000000081600000| Complete 
|  23|0x0000000081700000, 0x0000000081800000, 0x0000000081800000|100%|HS|  |TAMS 0x0000000081800000, 0x0000000081700000| Complete 
|  24|0x0000000081800000, 0x0000000081900000, 0x0000000081900000|100%|HC|  |TAMS 0x0000000081900000, 0x0000000081800000| Complete 
|  25|0x0000000081900000, 0x0000000081a00000, 0x0000000081a00000|100%|HC|  |TAMS 0x0000000081a00000, 0x0000000081900000| Complete 
|  26|0x0000000081a00000, 0x0000000081b00000, 0x0000000081b00000|100%|HC|  |TAMS 0x0000000081b00000, 0x0000000081a00000| Complete 
|  27|0x0000000081b00000, 0x0000000081c00000, 0x0000000081c00000|100%| O|  |TAMS 0x0000000081b00000, 0x0000000081b00000| Untracked 
|  28|0x0000000081c00000, 0x0000000081d00000, 0x0000000081d00000|100%| O|  |TAMS 0x0000000081c00000, 0x0000000081c00000| Untracked 
|  29|0x0000000081d00000, 0x0000000081e00000, 0x0000000081e00000|100%| O|  |TAMS 0x0000000081d00000, 0x0000000081d00000| Untracked 
|  30|0x0000000081e00000, 0x0000000081f00000, 0x0000000081f00000|100%|HS|  |TAMS 0x0000000081e00000, 0x0000000081e00000| Complete 
|  31|0x0000000081f00000, 0x0000000082000000, 0x0000000082000000|100%|HC|  |TAMS 0x0000000081f00000, 0x0000000081f00000| Complete 
|  32|0x0000000082000000, 0x0000000082100000, 0x0000000082100000|100%|HC|  |TAMS 0x0000000082000000, 0x0000000082000000| Complete 
|  33|0x0000000082100000, 0x0000000082200000, 0x0000000082200000|100%|HS|  |TAMS 0x0000000082100000, 0x0000000082100000| Complete 
|  34|0x0000000082200000, 0x0000000082300000, 0x0000000082300000|100%| O|  |TAMS 0x0000000082200000, 0x0000000082200000| Untracked 
|  35|0x0000000082300000, 0x0000000082400000, 0x0000000082400000|100%| O|  |TAMS 0x0000000082300000, 0x0000000082300000| Untracked 
|  36|0x0000000082400000, 0x0000000082500000, 0x0000000082500000|100%|HS|  |TAMS 0x0000000082400000, 0x0000000082400000| Complete 
|  37|0x0000000082500000, 0x0000000082600000, 0x0000000082600000|100%|HC|  |TAMS 0x0000000082500000, 0x0000000082500000| Complete 
|  38|0x0000000082600000, 0x0000000082700000, 0x0000000082700000|100%|HC|  |TAMS 0x0000000082600000, 0x0000000082600000| Complete 
|  39|0x0000000082700000, 0x0000000082800000, 0x0000000082800000|100%|HC|  |TAMS 0x0000000082700000, 0x0000000082700000| Complete 
|  40|0x0000000082800000, 0x0000000082900000, 0x0000000082900000|100%| O|  |TAMS 0x0000000082800000, 0x0000000082800000| Untracked 
|  41|0x0000000082900000, 0x0000000082a00000, 0x0000000082a00000|100%| O|  |TAMS 0x0000000082900000, 0x0000000082900000| Untracked 
|  42|0x0000000082a00000, 0x0000000082b00000, 0x0000000082b00000|100%| O|  |TAMS 0x0000000082a00000, 0x0000000082a00000| Untracked 
|  43|0x0000000082b00000, 0x0000000082c00000, 0x0000000082c00000|100%| O|  |TAMS 0x0000000082b00000, 0x0000000082b00000| Untracked 
|  44|0x0000000082c00000, 0x0000000082d00000, 0x0000000082d00000|100%| O|  |TAMS 0x0000000082c00000, 0x0000000082c00000| Untracked 
|  45|0x0000000082d00000, 0x0000000082e00000, 0x0000000082e00000|100%| O|  |TAMS 0x0000000082d00000, 0x0000000082d00000| Untracked 
|  46|0x0000000082e00000, 0x0000000082f00000, 0x0000000082f00000|100%| O|  |TAMS 0x0000000082e00000, 0x0000000082e00000| Untracked 
|  47|0x0000000082f00000, 0x0000000083000000, 0x0000000083000000|100%| O|  |TAMS 0x0000000082f00000, 0x0000000082f00000| Untracked 
|  48|0x0000000083000000, 0x00000000830fa000, 0x0000000083100000| 97%| O|  |TAMS 0x0000000083000000, 0x0000000083000000| Untracked 
|  49|0x0000000083100000, 0x0000000083200000, 0x0000000083200000|100%|HS|  |TAMS 0x0000000083100000, 0x0000000083100000| Complete 
|  50|0x0000000083200000, 0x0000000083300000, 0x0000000083300000|100%|HC|  |TAMS 0x0000000083200000, 0x0000000083200000| Complete 
|  51|0x0000000083300000, 0x0000000083400000, 0x0000000083400000|100%|HC|  |TAMS 0x0000000083300000, 0x0000000083300000| Complete 
|  52|0x0000000083400000, 0x0000000083400000, 0x0000000083500000|  0%| F|  |TAMS 0x0000000083400000, 0x0000000083400000| Untracked 
|  53|0x0000000083500000, 0x0000000083500000, 0x0000000083600000|  0%| F|  |TAMS 0x0000000083500000, 0x0000000083500000| Untracked 
|  54|0x0000000083600000, 0x0000000083700000, 0x0000000083700000|100%| O|  |TAMS 0x0000000083600000, 0x0000000083600000| Untracked 
|  55|0x0000000083700000, 0x0000000083800000, 0x0000000083800000|100%| O|  |TAMS 0x0000000083700000, 0x0000000083700000| Untracked 
|  56|0x0000000083800000, 0x0000000083900000, 0x0000000083900000|100%| O|  |TAMS 0x0000000083800000, 0x0000000083800000| Untracked 
|  57|0x0000000083900000, 0x0000000083a00000, 0x0000000083a00000|100%| O|  |TAMS 0x0000000083900000, 0x0000000083900000| Untracked 
|  58|0x0000000083a00000, 0x0000000083b00000, 0x0000000083b00000|100%| O|  |TAMS 0x0000000083a00000, 0x0000000083a00000| Untracked 
|  59|0x0000000083b00000, 0x0000000083c00000, 0x0000000083c00000|100%| O|  |TAMS 0x0000000083b00000, 0x0000000083b00000| Untracked 
|  60|0x0000000083c00000, 0x0000000083d00000, 0x0000000083d00000|100%| O|  |TAMS 0x0000000083c00000, 0x0000000083c00000| Untracked 
|  61|0x0000000083d00000, 0x0000000083d00000, 0x0000000083e00000|  0%| F|  |TAMS 0x0000000083d00000, 0x0000000083d00000| Untracked 
|  62|0x0000000083e00000, 0x0000000083e00000, 0x0000000083f00000|  0%| F|  |TAMS 0x0000000083e00000, 0x0000000083e00000| Untracked 
|  63|0x0000000083f00000, 0x0000000083f00000, 0x0000000084000000|  0%| F|  |TAMS 0x0000000083f00000, 0x0000000083f00000| Untracked 
|  64|0x0000000084000000, 0x0000000084000000, 0x0000000084100000|  0%| F|  |TAMS 0x0000000084000000, 0x0000000084000000| Untracked 
|  65|0x0000000084100000, 0x0000000084100000, 0x0000000084200000|  0%| F|  |TAMS 0x0000000084100000, 0x0000000084100000| Untracked 
|  66|0x0000000084200000, 0x0000000084200000, 0x0000000084300000|  0%| F|  |TAMS 0x0000000084200000, 0x0000000084200000| Untracked 
|  67|0x0000000084300000, 0x0000000084300000, 0x0000000084400000|  0%| F|  |TAMS 0x0000000084300000, 0x0000000084300000| Untracked 
|  68|0x0000000084400000, 0x0000000084400000, 0x0000000084500000|  0%| F|  |TAMS 0x0000000084400000, 0x0000000084400000| Untracked 
|  69|0x0000000084500000, 0x0000000084500000, 0x0000000084600000|  0%| F|  |TAMS 0x0000000084500000, 0x0000000084500000| Untracked 
|  70|0x0000000084600000, 0x0000000084600000, 0x0000000084700000|  0%| F|  |TAMS 0x0000000084600000, 0x0000000084600000| Untracked 
|  71|0x0000000084700000, 0x0000000084700000, 0x0000000084800000|  0%| F|  |TAMS 0x0000000084700000, 0x0000000084700000| Untracked 
|  72|0x0000000084800000, 0x0000000084800000, 0x0000000084900000|  0%| F|  |TAMS 0x0000000084800000, 0x0000000084800000| Untracked 
|  73|0x0000000084900000, 0x0000000084900000, 0x0000000084a00000|  0%| F|  |TAMS 0x0000000084900000, 0x0000000084900000| Untracked 
|  74|0x0000000084a00000, 0x0000000084a00000, 0x0000000084b00000|  0%| F|  |TAMS 0x0000000084a00000, 0x0000000084a00000| Untracked 
|  75|0x0000000084b00000, 0x0000000084b00000, 0x0000000084c00000|  0%| F|  |TAMS 0x0000000084b00000, 0x0000000084b00000| Untracked 
|  76|0x0000000084c00000, 0x0000000084c00000, 0x0000000084d00000|  0%| F|  |TAMS 0x0000000084c00000, 0x0000000084c00000| Untracked 
|  77|0x0000000084d00000, 0x0000000084d00000, 0x0000000084e00000|  0%| F|  |TAMS 0x0000000084d00000, 0x0000000084d00000| Untracked 
|  78|0x0000000084e00000, 0x0000000084e00000, 0x0000000084f00000|  0%| F|  |TAMS 0x0000000084e00000, 0x0000000084e00000| Untracked 
|  79|0x0000000084f00000, 0x0000000084f00000, 0x0000000085000000|  0%| F|  |TAMS 0x0000000084f00000, 0x0000000084f00000| Untracked 
|  80|0x0000000085000000, 0x0000000085000000, 0x0000000085100000|  0%| F|  |TAMS 0x0000000085000000, 0x0000000085000000| Untracked 
|  81|0x0000000085100000, 0x0000000085100000, 0x0000000085200000|  0%| F|  |TAMS 0x0000000085100000, 0x0000000085100000| Untracked 
|  82|0x0000000085200000, 0x0000000085200000, 0x0000000085300000|  0%| F|  |TAMS 0x0000000085200000, 0x0000000085200000| Untracked 
|  83|0x0000000085300000, 0x0000000085300000, 0x0000000085400000|  0%| F|  |TAMS 0x0000000085300000, 0x0000000085300000| Untracked 
|  84|0x0000000085400000, 0x0000000085400000, 0x0000000085500000|  0%| F|  |TAMS 0x0000000085400000, 0x0000000085400000| Untracked 
|  85|0x0000000085500000, 0x0000000085500000, 0x0000000085600000|  0%| F|  |TAMS 0x0000000085500000, 0x0000000085500000| Untracked 
|  86|0x0000000085600000, 0x0000000085600000, 0x0000000085700000|  0%| F|  |TAMS 0x0000000085600000, 0x0000000085600000| Untracked 
|  87|0x0000000085700000, 0x000000008575d5a0, 0x0000000085800000| 36%| S|CS|TAMS 0x0000000085700000, 0x0000000085700000| Complete 
|  88|0x0000000085800000, 0x0000000085900000, 0x0000000085900000|100%| S|CS|TAMS 0x0000000085800000, 0x0000000085800000| Complete 
|  89|0x0000000085900000, 0x0000000085a00000, 0x0000000085a00000|100%| S|CS|TAMS 0x0000000085900000, 0x0000000085900000| Complete 
|  90|0x0000000085a00000, 0x0000000085b00000, 0x0000000085b00000|100%| S|CS|TAMS 0x0000000085a00000, 0x0000000085a00000| Complete 
|  91|0x0000000085b00000, 0x0000000085c00000, 0x0000000085c00000|100%| S|CS|TAMS 0x0000000085b00000, 0x0000000085b00000| Complete 
|  92|0x0000000085c00000, 0x0000000085d00000, 0x0000000085d00000|100%| S|CS|TAMS 0x0000000085c00000, 0x0000000085c00000| Complete 
|  93|0x0000000085d00000, 0x0000000085d00000, 0x0000000085e00000|  0%| F|  |TAMS 0x0000000085d00000, 0x0000000085d00000| Untracked 
|  94|0x0000000085e00000, 0x0000000085e00000, 0x0000000085f00000|  0%| F|  |TAMS 0x0000000085e00000, 0x0000000085e00000| Untracked 
|  95|0x0000000085f00000, 0x0000000085f00000, 0x0000000086000000|  0%| F|  |TAMS 0x0000000085f00000, 0x0000000085f00000| Untracked 
|  96|0x0000000086000000, 0x0000000086000000, 0x0000000086100000|  0%| F|  |TAMS 0x0000000086000000, 0x0000000086000000| Untracked 
|  97|0x0000000086100000, 0x0000000086100000, 0x0000000086200000|  0%| F|  |TAMS 0x0000000086100000, 0x0000000086100000| Untracked 
|  98|0x0000000086200000, 0x0000000086200000, 0x0000000086300000|  0%| F|  |TAMS 0x0000000086200000, 0x0000000086200000| Untracked 
|  99|0x0000000086300000, 0x0000000086300000, 0x0000000086400000|  0%| F|  |TAMS 0x0000000086300000, 0x0000000086300000| Untracked 
| 100|0x0000000086400000, 0x0000000086400000, 0x0000000086500000|  0%| F|  |TAMS 0x0000000086400000, 0x0000000086400000| Untracked 
| 101|0x0000000086500000, 0x0000000086500000, 0x0000000086600000|  0%| F|  |TAMS 0x0000000086500000, 0x0000000086500000| Untracked 
| 102|0x0000000086600000, 0x0000000086600000, 0x0000000086700000|  0%| F|  |TAMS 0x0000000086600000, 0x0000000086600000| Untracked 
| 103|0x0000000086700000, 0x0000000086700000, 0x0000000086800000|  0%| F|  |TAMS 0x0000000086700000, 0x0000000086700000| Untracked 
| 104|0x0000000086800000, 0x0000000086800000, 0x0000000086900000|  0%| F|  |TAMS 0x0000000086800000, 0x0000000086800000| Untracked 
| 105|0x0000000086900000, 0x0000000086900000, 0x0000000086a00000|  0%| F|  |TAMS 0x0000000086900000, 0x0000000086900000| Untracked 
| 106|0x0000000086a00000, 0x0000000086a00000, 0x0000000086b00000|  0%| F|  |TAMS 0x0000000086a00000, 0x0000000086a00000| Untracked 
| 107|0x0000000086b00000, 0x0000000086b00000, 0x0000000086c00000|  0%| F|  |TAMS 0x0000000086b00000, 0x0000000086b00000| Untracked 
| 108|0x0000000086c00000, 0x0000000086c00000, 0x0000000086d00000|  0%| F|  |TAMS 0x0000000086c00000, 0x0000000086c00000| Untracked 
| 109|0x0000000086d00000, 0x0000000086d00000, 0x0000000086e00000|  0%| F|  |TAMS 0x0000000086d00000, 0x0000000086d00000| Untracked 
| 110|0x0000000086e00000, 0x0000000086e00000, 0x0000000086f00000|  0%| F|  |TAMS 0x0000000086e00000, 0x0000000086e00000| Untracked 
| 111|0x0000000086f00000, 0x0000000086f00000, 0x0000000087000000|  0%| F|  |TAMS 0x0000000086f00000, 0x0000000086f00000| Untracked 
| 112|0x0000000087000000, 0x0000000087000000, 0x0000000087100000|  0%| F|  |TAMS 0x0000000087000000, 0x0000000087000000| Untracked 
| 113|0x0000000087100000, 0x0000000087100000, 0x0000000087200000|  0%| F|  |TAMS 0x0000000087100000, 0x0000000087100000| Untracked 
| 114|0x0000000087200000, 0x0000000087200000, 0x0000000087300000|  0%| F|  |TAMS 0x0000000087200000, 0x0000000087200000| Untracked 
| 115|0x0000000087300000, 0x0000000087300000, 0x0000000087400000|  0%| F|  |TAMS 0x0000000087300000, 0x0000000087300000| Untracked 
| 116|0x0000000087400000, 0x0000000087400000, 0x0000000087500000|  0%| F|  |TAMS 0x0000000087400000, 0x0000000087400000| Untracked 
| 117|0x0000000087500000, 0x0000000087500000, 0x0000000087600000|  0%| F|  |TAMS 0x0000000087500000, 0x0000000087500000| Untracked 
| 118|0x0000000087600000, 0x0000000087600000, 0x0000000087700000|  0%| F|  |TAMS 0x0000000087600000, 0x0000000087600000| Untracked 
| 119|0x0000000087700000, 0x0000000087700000, 0x0000000087800000|  0%| F|  |TAMS 0x0000000087700000, 0x0000000087700000| Untracked 
| 120|0x0000000087800000, 0x0000000087800000, 0x0000000087900000|  0%| F|  |TAMS 0x0000000087800000, 0x0000000087800000| Untracked 
| 121|0x0000000087900000, 0x0000000087900000, 0x0000000087a00000|  0%| F|  |TAMS 0x0000000087900000, 0x0000000087900000| Untracked 
| 122|0x0000000087a00000, 0x0000000087a00000, 0x0000000087b00000|  0%| F|  |TAMS 0x0000000087a00000, 0x0000000087a00000| Untracked 
| 123|0x0000000087b00000, 0x0000000087b00000, 0x0000000087c00000|  0%| F|  |TAMS 0x0000000087b00000, 0x0000000087b00000| Untracked 
| 124|0x0000000087c00000, 0x0000000087c00000, 0x0000000087d00000|  0%| F|  |TAMS 0x0000000087c00000, 0x0000000087c00000| Untracked 
| 125|0x0000000087d00000, 0x0000000087d00000, 0x0000000087e00000|  0%| F|  |TAMS 0x0000000087d00000, 0x0000000087d00000| Untracked 
| 126|0x0000000087e00000, 0x0000000087e00000, 0x0000000087f00000|  0%| F|  |TAMS 0x0000000087e00000, 0x0000000087e00000| Untracked 
| 127|0x0000000087f00000, 0x0000000087f00000, 0x0000000088000000|  0%| F|  |TAMS 0x0000000087f00000, 0x0000000087f00000| Untracked 
| 128|0x0000000088000000, 0x0000000088000000, 0x0000000088100000|  0%| F|  |TAMS 0x0000000088000000, 0x0000000088000000| Untracked 
| 129|0x0000000088100000, 0x0000000088100000, 0x0000000088200000|  0%| F|  |TAMS 0x0000000088100000, 0x0000000088100000| Untracked 
| 130|0x0000000088200000, 0x0000000088200000, 0x0000000088300000|  0%| F|  |TAMS 0x0000000088200000, 0x0000000088200000| Untracked 
| 131|0x0000000088300000, 0x0000000088300000, 0x0000000088400000|  0%| F|  |TAMS 0x0000000088300000, 0x0000000088300000| Untracked 
| 132|0x0000000088400000, 0x0000000088400000, 0x0000000088500000|  0%| F|  |TAMS 0x0000000088400000, 0x0000000088400000| Untracked 
| 133|0x0000000088500000, 0x0000000088500000, 0x0000000088600000|  0%| F|  |TAMS 0x0000000088500000, 0x0000000088500000| Untracked 
| 134|0x0000000088600000, 0x0000000088600000, 0x0000000088700000|  0%| F|  |TAMS 0x0000000088600000, 0x0000000088600000| Untracked 
| 135|0x0000000088700000, 0x0000000088700000, 0x0000000088800000|  0%| F|  |TAMS 0x0000000088700000, 0x0000000088700000| Untracked 
| 136|0x0000000088800000, 0x0000000088800000, 0x0000000088900000|  0%| F|  |TAMS 0x0000000088800000, 0x0000000088800000| Untracked 
| 137|0x0000000088900000, 0x0000000088900000, 0x0000000088a00000|  0%| F|  |TAMS 0x0000000088900000, 0x0000000088900000| Untracked 
| 138|0x0000000088a00000, 0x0000000088a00000, 0x0000000088b00000|  0%| F|  |TAMS 0x0000000088a00000, 0x0000000088a00000| Untracked 
| 139|0x0000000088b00000, 0x0000000088b00000, 0x0000000088c00000|  0%| F|  |TAMS 0x0000000088b00000, 0x0000000088b00000| Untracked 
| 140|0x0000000088c00000, 0x0000000088c00000, 0x0000000088d00000|  0%| F|  |TAMS 0x0000000088c00000, 0x0000000088c00000| Untracked 
| 141|0x0000000088d00000, 0x0000000088d00000, 0x0000000088e00000|  0%| F|  |TAMS 0x0000000088d00000, 0x0000000088d00000| Untracked 
| 142|0x0000000088e00000, 0x0000000088e00000, 0x0000000088f00000|  0%| F|  |TAMS 0x0000000088e00000, 0x0000000088e00000| Untracked 
| 143|0x0000000088f00000, 0x0000000088f00000, 0x0000000089000000|  0%| F|  |TAMS 0x0000000088f00000, 0x0000000088f00000| Untracked 
| 144|0x0000000089000000, 0x0000000089000000, 0x0000000089100000|  0%| F|  |TAMS 0x0000000089000000, 0x0000000089000000| Untracked 
| 145|0x0000000089100000, 0x0000000089100000, 0x0000000089200000|  0%| F|  |TAMS 0x0000000089100000, 0x0000000089100000| Untracked 
| 146|0x0000000089200000, 0x0000000089200000, 0x0000000089300000|  0%| F|  |TAMS 0x0000000089200000, 0x0000000089200000| Untracked 
| 147|0x0000000089300000, 0x0000000089300000, 0x0000000089400000|  0%| F|  |TAMS 0x0000000089300000, 0x0000000089300000| Untracked 
| 148|0x0000000089400000, 0x0000000089400000, 0x0000000089500000|  0%| F|  |TAMS 0x0000000089400000, 0x0000000089400000| Untracked 
| 149|0x0000000089500000, 0x0000000089500000, 0x0000000089600000|  0%| F|  |TAMS 0x0000000089500000, 0x0000000089500000| Untracked 
| 150|0x0000000089600000, 0x0000000089600000, 0x0000000089700000|  0%| F|  |TAMS 0x0000000089600000, 0x0000000089600000| Untracked 
| 151|0x0000000089700000, 0x0000000089700000, 0x0000000089800000|  0%| F|  |TAMS 0x0000000089700000, 0x0000000089700000| Untracked 
| 152|0x0000000089800000, 0x0000000089800000, 0x0000000089900000|  0%| F|  |TAMS 0x0000000089800000, 0x0000000089800000| Untracked 
| 153|0x0000000089900000, 0x0000000089900000, 0x0000000089a00000|  0%| F|  |TAMS 0x0000000089900000, 0x0000000089900000| Untracked 
| 154|0x0000000089a00000, 0x0000000089a00000, 0x0000000089b00000|  0%| F|  |TAMS 0x0000000089a00000, 0x0000000089a00000| Untracked 
| 155|0x0000000089b00000, 0x0000000089b00000, 0x0000000089c00000|  0%| F|  |TAMS 0x0000000089b00000, 0x0000000089b00000| Untracked 
| 156|0x0000000089c00000, 0x0000000089c00000, 0x0000000089d00000|  0%| F|  |TAMS 0x0000000089c00000, 0x0000000089c00000| Untracked 
| 157|0x0000000089d00000, 0x0000000089d00000, 0x0000000089e00000|  0%| F|  |TAMS 0x0000000089d00000, 0x0000000089d00000| Untracked 
| 158|0x0000000089e00000, 0x0000000089e80800, 0x0000000089f00000| 50%| E|  |TAMS 0x0000000089e00000, 0x0000000089e00000| Complete 
| 159|0x0000000089f00000, 0x000000008a000000, 0x000000008a000000|100%| E|CS|TAMS 0x0000000089f00000, 0x0000000089f00000| Complete 
| 160|0x000000008a000000, 0x000000008a100000, 0x000000008a100000|100%| E|CS|TAMS 0x000000008a000000, 0x000000008a000000| Complete 
| 161|0x000000008a100000, 0x000000008a200000, 0x000000008a200000|100%| E|CS|TAMS 0x000000008a100000, 0x000000008a100000| Complete 
| 162|0x000000008a200000, 0x000000008a300000, 0x000000008a300000|100%| E|CS|TAMS 0x000000008a200000, 0x000000008a200000| Complete 
| 163|0x000000008a300000, 0x000000008a400000, 0x000000008a400000|100%| E|CS|TAMS 0x000000008a300000, 0x000000008a300000| Complete 
| 164|0x000000008a400000, 0x000000008a500000, 0x000000008a500000|100%| E|CS|TAMS 0x000000008a400000, 0x000000008a400000| Complete 
| 165|0x000000008a500000, 0x000000008a600000, 0x000000008a600000|100%| E|CS|TAMS 0x000000008a500000, 0x000000008a500000| Complete 
| 166|0x000000008a600000, 0x000000008a700000, 0x000000008a700000|100%| E|CS|TAMS 0x000000008a600000, 0x000000008a600000| Complete 
| 167|0x000000008a700000, 0x000000008a800000, 0x000000008a800000|100%| E|CS|TAMS 0x000000008a700000, 0x000000008a700000| Complete 
| 168|0x000000008a800000, 0x000000008a900000, 0x000000008a900000|100%| E|CS|TAMS 0x000000008a800000, 0x000000008a800000| Complete 
| 169|0x000000008a900000, 0x000000008aa00000, 0x000000008aa00000|100%| E|CS|TAMS 0x000000008a900000, 0x000000008a900000| Complete 
| 170|0x000000008aa00000, 0x000000008ab00000, 0x000000008ab00000|100%| E|CS|TAMS 0x000000008aa00000, 0x000000008aa00000| Complete 
| 171|0x000000008ab00000, 0x000000008ac00000, 0x000000008ac00000|100%| E|CS|TAMS 0x000000008ab00000, 0x000000008ab00000| Complete 
| 172|0x000000008ac00000, 0x000000008ad00000, 0x000000008ad00000|100%| E|CS|TAMS 0x000000008ac00000, 0x000000008ac00000| Complete 
| 173|0x000000008ad00000, 0x000000008ae00000, 0x000000008ae00000|100%| E|CS|TAMS 0x000000008ad00000, 0x000000008ad00000| Complete 
| 174|0x000000008ae00000, 0x000000008af00000, 0x000000008af00000|100%| E|CS|TAMS 0x000000008ae00000, 0x000000008ae00000| Complete 
| 175|0x000000008af00000, 0x000000008b000000, 0x000000008b000000|100%| E|CS|TAMS 0x000000008af00000, 0x000000008af00000| Complete 
| 176|0x000000008b000000, 0x000000008b100000, 0x000000008b100000|100%| E|CS|TAMS 0x000000008b000000, 0x000000008b000000| Complete 
| 177|0x000000008b100000, 0x000000008b200000, 0x000000008b200000|100%| E|CS|TAMS 0x000000008b100000, 0x000000008b100000| Complete 
| 178|0x000000008b200000, 0x000000008b300000, 0x000000008b300000|100%| E|CS|TAMS 0x000000008b200000, 0x000000008b200000| Complete 
| 179|0x000000008b300000, 0x000000008b400000, 0x000000008b400000|100%| E|CS|TAMS 0x000000008b300000, 0x000000008b300000| Complete 
| 180|0x000000008b400000, 0x000000008b500000, 0x000000008b500000|100%| E|CS|TAMS 0x000000008b400000, 0x000000008b400000| Complete 
| 181|0x000000008b500000, 0x000000008b600000, 0x000000008b600000|100%| E|CS|TAMS 0x000000008b500000, 0x000000008b500000| Complete 
| 182|0x000000008b600000, 0x000000008b700000, 0x000000008b700000|100%| E|CS|TAMS 0x000000008b600000, 0x000000008b600000| Complete 
| 183|0x000000008b700000, 0x000000008b800000, 0x000000008b800000|100%| E|CS|TAMS 0x000000008b700000, 0x000000008b700000| Complete 
| 184|0x000000008b800000, 0x000000008b900000, 0x000000008b900000|100%| E|CS|TAMS 0x000000008b800000, 0x000000008b800000| Complete 
| 185|0x000000008b900000, 0x000000008ba00000, 0x000000008ba00000|100%| E|CS|TAMS 0x000000008b900000, 0x000000008b900000| Complete 
| 186|0x000000008ba00000, 0x000000008bb00000, 0x000000008bb00000|100%| E|CS|TAMS 0x000000008ba00000, 0x000000008ba00000| Complete 
| 187|0x000000008bb00000, 0x000000008bc00000, 0x000000008bc00000|100%| E|CS|TAMS 0x000000008bb00000, 0x000000008bb00000| Complete 
| 188|0x000000008bc00000, 0x000000008bd00000, 0x000000008bd00000|100%| E|CS|TAMS 0x000000008bc00000, 0x000000008bc00000| Complete 
| 189|0x000000008bd00000, 0x000000008be00000, 0x000000008be00000|100%| E|CS|TAMS 0x000000008bd00000, 0x000000008bd00000| Complete 
| 190|0x000000008be00000, 0x000000008bf00000, 0x000000008bf00000|100%| E|CS|TAMS 0x000000008be00000, 0x000000008be00000| Complete 
| 191|0x000000008bf00000, 0x000000008c000000, 0x000000008c000000|100%| E|CS|TAMS 0x000000008bf00000, 0x000000008bf00000| Complete 
| 192|0x000000008c000000, 0x000000008c100000, 0x000000008c100000|100%| E|CS|TAMS 0x000000008c000000, 0x000000008c000000| Complete 
| 193|0x000000008c100000, 0x000000008c200000, 0x000000008c200000|100%| E|CS|TAMS 0x000000008c100000, 0x000000008c100000| Complete 
| 194|0x000000008c200000, 0x000000008c300000, 0x000000008c300000|100%| E|CS|TAMS 0x000000008c200000, 0x000000008c200000| Complete 
| 195|0x000000008c300000, 0x000000008c400000, 0x000000008c400000|100%| E|CS|TAMS 0x000000008c300000, 0x000000008c300000| Complete 
| 196|0x000000008c400000, 0x000000008c500000, 0x000000008c500000|100%| E|CS|TAMS 0x000000008c400000, 0x000000008c400000| Complete 
| 197|0x000000008c500000, 0x000000008c600000, 0x000000008c600000|100%| E|CS|TAMS 0x000000008c500000, 0x000000008c500000| Complete 
| 198|0x000000008c600000, 0x000000008c700000, 0x000000008c700000|100%| E|CS|TAMS 0x000000008c600000, 0x000000008c600000| Complete 
| 199|0x000000008c700000, 0x000000008c800000, 0x000000008c800000|100%| E|CS|TAMS 0x000000008c700000, 0x000000008c700000| Complete 
| 200|0x000000008c800000, 0x000000008c900000, 0x000000008c900000|100%| E|CS|TAMS 0x000000008c800000, 0x000000008c800000| Complete 
| 201|0x000000008c900000, 0x000000008ca00000, 0x000000008ca00000|100%| E|CS|TAMS 0x000000008c900000, 0x000000008c900000| Complete 
| 202|0x000000008ca00000, 0x000000008cb00000, 0x000000008cb00000|100%| E|CS|TAMS 0x000000008ca00000, 0x000000008ca00000| Complete 
| 203|0x000000008cb00000, 0x000000008cc00000, 0x000000008cc00000|100%| E|CS|TAMS 0x000000008cb00000, 0x000000008cb00000| Complete 
| 204|0x000000008cc00000, 0x000000008cd00000, 0x000000008cd00000|100%| E|CS|TAMS 0x000000008cc00000, 0x000000008cc00000| Complete 
| 205|0x000000008cd00000, 0x000000008ce00000, 0x000000008ce00000|100%| E|CS|TAMS 0x000000008cd00000, 0x000000008cd00000| Complete 
| 206|0x000000008ce00000, 0x000000008cf00000, 0x000000008cf00000|100%| E|CS|TAMS 0x000000008ce00000, 0x000000008ce00000| Complete 
| 207|0x000000008cf00000, 0x000000008d000000, 0x000000008d000000|100%| E|CS|TAMS 0x000000008cf00000, 0x000000008cf00000| Complete 
| 208|0x000000008d000000, 0x000000008d100000, 0x000000008d100000|100%| E|CS|TAMS 0x000000008d000000, 0x000000008d000000| Complete 
| 209|0x000000008d100000, 0x000000008d200000, 0x000000008d200000|100%| E|CS|TAMS 0x000000008d100000, 0x000000008d100000| Complete 
| 210|0x000000008d200000, 0x000000008d300000, 0x000000008d300000|100%| E|CS|TAMS 0x000000008d200000, 0x000000008d200000| Complete 
| 211|0x000000008d300000, 0x000000008d400000, 0x000000008d400000|100%| E|CS|TAMS 0x000000008d300000, 0x000000008d300000| Complete 
| 212|0x000000008d400000, 0x000000008d500000, 0x000000008d500000|100%| E|CS|TAMS 0x000000008d400000, 0x000000008d400000| Complete 
| 213|0x000000008d500000, 0x000000008d600000, 0x000000008d600000|100%| E|CS|TAMS 0x000000008d500000, 0x000000008d500000| Complete 
| 214|0x000000008d600000, 0x000000008d700000, 0x000000008d700000|100%| E|CS|TAMS 0x000000008d600000, 0x000000008d600000| Complete 
| 215|0x000000008d700000, 0x000000008d800000, 0x000000008d800000|100%| E|CS|TAMS 0x000000008d700000, 0x000000008d700000| Complete 
| 216|0x000000008d800000, 0x000000008d900000, 0x000000008d900000|100%| E|CS|TAMS 0x000000008d800000, 0x000000008d800000| Complete 
| 217|0x000000008d900000, 0x000000008da00000, 0x000000008da00000|100%| E|CS|TAMS 0x000000008d900000, 0x000000008d900000| Complete 
| 218|0x000000008da00000, 0x000000008db00000, 0x000000008db00000|100%| E|CS|TAMS 0x000000008da00000, 0x000000008da00000| Complete 
| 219|0x000000008db00000, 0x000000008dc00000, 0x000000008dc00000|100%| E|CS|TAMS 0x000000008db00000, 0x000000008db00000| Complete 
| 220|0x000000008dc00000, 0x000000008dd00000, 0x000000008dd00000|100%| E|CS|TAMS 0x000000008dc00000, 0x000000008dc00000| Complete 
| 221|0x000000008dd00000, 0x000000008de00000, 0x000000008de00000|100%| E|CS|TAMS 0x000000008dd00000, 0x000000008dd00000| Complete 
| 222|0x000000008de00000, 0x000000008df00000, 0x000000008df00000|100%| E|CS|TAMS 0x000000008de00000, 0x000000008de00000| Complete 
| 223|0x000000008df00000, 0x000000008e000000, 0x000000008e000000|100%| E|CS|TAMS 0x000000008df00000, 0x000000008df00000| Complete 

Card table byte_map: [0x000002db612a0000,0x000002db616a0000] _byte_map_base: 0x000002db60ea0000

Marking Bits (Prev, Next): (CMBitMap*) 0x000002db4de8ff28, (CMBitMap*) 0x000002db4de8ff60
 Prev Bits: [0x000002db61aa0000, 0x000002db63aa0000)
 Next Bits: [0x000002db63aa0000, 0x000002db65aa0000)

Polling page: 0x000002db4d620000

Metaspace:

Usage:
  Non-class:     45.13 MB capacity,    44.12 MB ( 98%) used,   896.28 KB (  2%) free+waste,   143.75 KB ( <1%) overhead. 
      Class:      6.97 MB capacity,     6.48 MB ( 93%) used,   430.55 KB (  6%) free+waste,    69.00 KB ( <1%) overhead. 
       Both:     52.10 MB capacity,    50.60 MB ( 97%) used,     1.30 MB (  2%) free+waste,   212.75 KB ( <1%) overhead. 

Virtual space:
  Non-class space:       46.00 MB reserved,      45.25 MB ( 98%) committed 
      Class space:        1.00 GB reserved,       7.00 MB ( <1%) committed 
             Both:        1.04 GB reserved,      52.25 MB (  5%) committed 

Chunk freelists:
   Non-Class:  55.00 KB
       Class:  0 bytes
        Both:  55.00 KB

MaxMetaspaceSize: 17179869184.00 GB
CompressedClassSpaceSize: 1.00 GB
Initial GC threshold: 20.80 MB
Current GC threshold: 58.75 MB
CDS: off

CodeHeap 'non-profiled nmethods': size=120000Kb used=4682Kb max_used=4682Kb free=115317Kb
 bounds [0x000002db59420000, 0x000002db598c0000, 0x000002db60950000]
CodeHeap 'profiled nmethods': size=120000Kb used=13280Kb max_used=13280Kb free=106720Kb
 bounds [0x000002db51ef0000, 0x000002db52bf0000, 0x000002db59420000]
CodeHeap 'non-nmethods': size=5760Kb used=2301Kb max_used=2408Kb free=3458Kb
 bounds [0x000002db51950000, 0x000002db51bc0000, 0x000002db51ef0000]
 total_blobs=6995 nmethods=6194 adapters=712
 compilation: enabled
              stopped_count=0, restarted_count=0
 full_count=0

Compilation events (20 events):
Event: 12.563 Thread 0x000002db6c6ab800 nmethod 6250 0x000002db598a3e90 code [0x000002db598a4080, 0x000002db598a4588]
Event: 12.563 Thread 0x000002db6c6ab800 6091       4       java.util.Calendar::complete (40 bytes)
Event: 12.564 Thread 0x000002db68fe4000 6251       2       org.objectweb.asm.AnnotationWriter::visitEnum (63 bytes)
Event: 12.564 Thread 0x000002db6c6ab800 nmethod 6091 0x000002db598a4b90 code [0x000002db598a4d20, 0x000002db598a4dd8]
Event: 12.564 Thread 0x000002db68fe4000 nmethod 6251 0x000002db52be7990 code [0x000002db52be7b80, 0x000002db52be7db8]
Event: 12.564 Thread 0x000002db6c6ab800 6109       4       org.apache.tools.zip.ZipOutputStream::deflate (33 bytes)
Event: 12.574 Thread 0x000002db6c6ab800 nmethod 6109 0x000002db598a4e90 code [0x000002db598a50c0, 0x000002db598a5a30]
Event: 12.574 Thread 0x000002db6c6ab800 6098       4       org.objectweb.asm.MethodWriter::visitTypeInsn (116 bytes)
Event: 12.578 Thread 0x000002db6c6ab800 nmethod 6098 0x000002db598a6010 code [0x000002db598a61e0, 0x000002db598a6528]
Event: 12.578 Thread 0x000002db6c6ab800 6099       4       org.gradle.internal.classpath.InstrumentingBackwardsCompatibilityVisitor$BackwardCompatibilityMethodVisitor::visitTypeInsn (12 bytes)
Event: 12.589 Thread 0x000002db6c6ab800 nmethod 6099 0x000002db598a6890 code [0x000002db598a6a80, 0x000002db598a72a8]
Event: 12.589 Thread 0x000002db6c6ab800 6252       4       org.objectweb.asm.ClassReader::readElementValue (1237 bytes)
Event: 12.636 Thread 0x000002db6c6ab800 nmethod 6252 0x000002db598a7690 code [0x000002db598a7a00, 0x000002db598a9698]
Event: 12.636 Thread 0x000002db6c6ab800 6254       4       org.objectweb.asm.AnnotationWriter::visit (935 bytes)
Event: 12.656 Thread 0x000002db6c6ab800 nmethod 6254 0x000002db598aaf10 code [0x000002db598ab1e0, 0x000002db598abe60]
Event: 12.656 Thread 0x000002db6c6ab800 6255       4       java.lang.Long::valueOf (40 bytes)
Event: 12.658 Thread 0x000002db6c6ab800 nmethod 6255 0x000002db598aca90 code [0x000002db598acc40, 0x000002db598acd38]
Event: 12.658 Thread 0x000002db6c6ab800 6253       4       org.objectweb.asm.MethodWriter::visitIntInsn (113 bytes)
Event: 12.666 Thread 0x000002db6c6ab800 nmethod 6253 0x000002db598ace10 code [0x000002db598acfe0, 0x000002db598ad888]
Event: 12.666 Thread 0x000002db6c6ab800 6103       4       org.gradle.internal.classpath.InstrumentingTransformer$InstrumentingMethodVisitor::visitINVOKESTATIC (504 bytes)

GC Heap History (20 events):
Event: 9.819 GC heap before
{Heap before GC invocations=10 (full 0):
 garbage-first heap   total 229376K, used 173814K [0x0000000080000000, 0x0000000100000000)
  region size 1024K, 115 young (117760K), 9 survivors (9216K)
 Metaspace       used 51755K, capacity 53355K, committed 53504K, reserved 1095680K
  class space    used 6630K, capacity 7138K, committed 7168K, reserved 1048576K
}
Event: 9.825 GC heap after
{Heap after GC invocations=11 (full 0):
 garbage-first heap   total 229376K, used 66262K [0x0000000080000000, 0x0000000100000000)
  region size 1024K, 4 young (4096K), 4 survivors (4096K)
 Metaspace       used 51755K, capacity 53355K, committed 53504K, reserved 1095680K
  class space    used 6630K, capacity 7138K, committed 7168K, reserved 1048576K
}
Event: 10.126 GC heap before
{Heap before GC invocations=11 (full 0):
 garbage-first heap   total 229376K, used 178902K [0x0000000080000000, 0x0000000100000000)
  region size 1024K, 114 young (116736K), 4 survivors (4096K)
 Metaspace       used 51755K, capacity 53355K, committed 53504K, reserved 1095680K
  class space    used 6630K, capacity 7138K, committed 7168K, reserved 1048576K
}
Event: 10.130 GC heap after
{Heap after GC invocations=12 (full 0):
 garbage-first heap   total 229376K, used 66488K [0x0000000080000000, 0x0000000100000000)
  region size 1024K, 4 young (4096K), 4 survivors (4096K)
 Metaspace       used 51755K, capacity 53355K, committed 53504K, reserved 1095680K
  class space    used 6630K, capacity 7138K, committed 7168K, reserved 1048576K
}
Event: 10.353 GC heap before
{Heap before GC invocations=12 (full 0):
 garbage-first heap   total 229376K, used 182200K [0x0000000080000000, 0x0000000100000000)
  region size 1024K, 117 young (119808K), 4 survivors (4096K)
 Metaspace       used 51756K, capacity 53355K, committed 53504K, reserved 1095680K
  class space    used 6630K, capacity 7138K, committed 7168K, reserved 1048576K
}
Event: 10.356 GC heap after
{Heap after GC invocations=13 (full 0):
 garbage-first heap   total 229376K, used 67003K [0x0000000080000000, 0x0000000100000000)
  region size 1024K, 5 young (5120K), 5 survivors (5120K)
 Metaspace       used 51756K, capacity 53355K, committed 53504K, reserved 1095680K
  class space    used 6630K, capacity 7138K, committed 7168K, reserved 1048576K
}
Event: 10.608 GC heap before
{Heap before GC invocations=13 (full 0):
 garbage-first heap   total 229376K, used 182715K [0x0000000080000000, 0x0000000100000000)
  region size 1024K, 119 young (121856K), 5 survivors (5120K)
 Metaspace       used 51758K, capacity 53355K, committed 53504K, reserved 1095680K
  class space    used 6630K, capacity 7138K, committed 7168K, reserved 1048576K
}
Event: 10.614 GC heap after
{Heap after GC invocations=14 (full 0):
 garbage-first heap   total 229376K, used 67854K [0x0000000080000000, 0x0000000100000000)
  region size 1024K, 6 young (6144K), 6 survivors (6144K)
 Metaspace       used 51758K, capacity 53355K, committed 53504K, reserved 1095680K
  class space    used 6630K, capacity 7138K, committed 7168K, reserved 1048576K
}
Event: 10.897 GC heap before
{Heap before GC invocations=14 (full 0):
 garbage-first heap   total 229376K, used 187662K [0x0000000080000000, 0x0000000100000000)
  region size 1024K, 123 young (125952K), 6 survivors (6144K)
 Metaspace       used 51758K, capacity 53355K, committed 53504K, reserved 1095680K
  class space    used 6630K, capacity 7138K, committed 7168K, reserved 1048576K
}
Event: 10.902 GC heap after
{Heap after GC invocations=15 (full 0):
 garbage-first heap   total 229376K, used 68507K [0x0000000080000000, 0x0000000100000000)
  region size 1024K, 6 young (6144K), 6 survivors (6144K)
 Metaspace       used 51758K, capacity 53355K, committed 53504K, reserved 1095680K
  class space    used 6630K, capacity 7138K, committed 7168K, reserved 1048576K
}
Event: 11.214 GC heap before
{Heap before GC invocations=15 (full 0):
 garbage-first heap   total 229376K, used 193435K [0x0000000080000000, 0x0000000100000000)
  region size 1024K, 128 young (131072K), 6 survivors (6144K)
 Metaspace       used 51759K, capacity 53355K, committed 53504K, reserved 1095680K
  class space    used 6630K, capacity 7138K, committed 7168K, reserved 1048576K
}
Event: 11.221 GC heap after
{Heap after GC invocations=16 (full 0):
 garbage-first heap   total 229376K, used 69362K [0x0000000080000000, 0x0000000100000000)
  region size 1024K, 7 young (7168K), 7 survivors (7168K)
 Metaspace       used 51759K, capacity 53355K, committed 53504K, reserved 1095680K
  class space    used 6630K, capacity 7138K, committed 7168K, reserved 1048576K
}
Event: 11.512 GC heap before
{Heap before GC invocations=16 (full 0):
 garbage-first heap   total 229376K, used 193266K [0x0000000080000000, 0x0000000100000000)
  region size 1024K, 128 young (131072K), 7 survivors (7168K)
 Metaspace       used 51759K, capacity 53355K, committed 53504K, reserved 1095680K
  class space    used 6630K, capacity 7138K, committed 7168K, reserved 1048576K
}
Event: 11.517 GC heap after
{Heap after GC invocations=17 (full 0):
 garbage-first heap   total 229376K, used 70157K [0x0000000080000000, 0x0000000100000000)
  region size 1024K, 8 young (8192K), 8 survivors (8192K)
 Metaspace       used 51759K, capacity 53355K, committed 53504K, reserved 1095680K
  class space    used 6630K, capacity 7138K, committed 7168K, reserved 1048576K
}
Event: 11.785 GC heap before
{Heap before GC invocations=17 (full 0):
 garbage-first heap   total 229376K, used 195085K [0x0000000080000000, 0x0000000100000000)
  region size 1024K, 130 young (133120K), 8 survivors (8192K)
 Metaspace       used 51802K, capacity 53355K, committed 53504K, reserved 1095680K
  class space    used 6638K, capacity 7138K, committed 7168K, reserved 1048576K
}
Event: 11.789 GC heap after
{Heap after GC invocations=18 (full 0):
 garbage-first heap   total 229376K, used 70632K [0x0000000080000000, 0x0000000100000000)
  region size 1024K, 8 young (8192K), 8 survivors (8192K)
 Metaspace       used 51802K, capacity 53355K, committed 53504K, reserved 1095680K
  class space    used 6638K, capacity 7138K, committed 7168K, reserved 1048576K
}
Event: 12.111 GC heap before
{Heap before GC invocations=18 (full 0):
 garbage-first heap   total 229376K, used 195560K [0x0000000080000000, 0x0000000100000000)
  region size 1024K, 130 young (133120K), 8 survivors (8192K)
 Metaspace       used 51812K, capacity 53355K, committed 53504K, reserved 1095680K
  class space    used 6638K, capacity 7138K, committed 7168K, reserved 1048576K
}
Event: 12.115 GC heap after
{Heap after GC invocations=19 (full 0):
 garbage-first heap   total 229376K, used 65512K [0x0000000080000000, 0x0000000100000000)
  region size 1024K, 5 young (5120K), 5 survivors (5120K)
 Metaspace       used 51812K, capacity 53355K, committed 53504K, reserved 1095680K
  class space    used 6638K, capacity 7138K, committed 7168K, reserved 1048576K
}
Event: 12.534 GC heap before
{Heap before GC invocations=19 (full 0):
 garbage-first heap   total 229376K, used 193512K [0x0000000080000000, 0x0000000100000000)
  region size 1024K, 131 young (134144K), 5 survivors (5120K)
 Metaspace       used 51814K, capacity 53355K, committed 53504K, reserved 1095680K
  class space    used 6638K, capacity 7138K, committed 7168K, reserved 1048576K
}
Event: 12.538 GC heap after
{Heap after GC invocations=20 (full 0):
 garbage-first heap   total 229376K, used 65885K [0x0000000080000000, 0x0000000100000000)
  region size 1024K, 6 young (6144K), 6 survivors (6144K)
 Metaspace       used 51814K, capacity 53355K, committed 53504K, reserved 1095680K
  class space    used 6638K, capacity 7138K, committed 7168K, reserved 1048576K
}

Deoptimization events (20 events):
Event: 12.372 Thread 0x000002db6c76b800 DEOPT PACKING pc=0x000002db52b7493e sp=0x000000e1da5fdb60
Event: 12.372 Thread 0x000002db6c76b800 DEOPT UNPACKING pc=0x000002db5199a95e sp=0x000000e1da5fd1d0 mode 0
Event: 12.381 Thread 0x000002db6c76b800 DEOPT PACKING pc=0x000002db52b7493e sp=0x000000e1da5fdb60
Event: 12.381 Thread 0x000002db6c76b800 DEOPT UNPACKING pc=0x000002db5199a95e sp=0x000000e1da5fd1d0 mode 0
Event: 12.441 Thread 0x000002db6c76b800 DEOPT PACKING pc=0x000002db52b7493e sp=0x000000e1da5fdb60
Event: 12.441 Thread 0x000002db6c76b800 DEOPT UNPACKING pc=0x000002db5199a95e sp=0x000000e1da5fd1d0 mode 0
Event: 12.480 Thread 0x000002db6c76b800 DEOPT PACKING pc=0x000002db52b7493e sp=0x000000e1da5fdb60
Event: 12.480 Thread 0x000002db6c76b800 DEOPT UNPACKING pc=0x000002db5199a95e sp=0x000000e1da5fd1d0 mode 0
Event: 12.521 Thread 0x000002db6c76b800 DEOPT PACKING pc=0x000002db52b7493e sp=0x000000e1da5fdb60
Event: 12.521 Thread 0x000002db6c76b800 DEOPT UNPACKING pc=0x000002db5199a95e sp=0x000000e1da5fd1d0 mode 0
Event: 12.542 Thread 0x000002db6c76b800 DEOPT PACKING pc=0x000002db52b7493e sp=0x000000e1da5fdb60
Event: 12.542 Thread 0x000002db6c76b800 DEOPT UNPACKING pc=0x000002db5199a95e sp=0x000000e1da5fd1d0 mode 0
Event: 12.574 Thread 0x000002db6c76b800 DEOPT PACKING pc=0x000002db52b7493e sp=0x000000e1da5fdb60
Event: 12.574 Thread 0x000002db6c76b800 DEOPT UNPACKING pc=0x000002db5199a95e sp=0x000000e1da5fd1d0 mode 0
Event: 12.673 Thread 0x000002db6c76b800 DEOPT PACKING pc=0x000002db52b7493e sp=0x000000e1da5fdb60
Event: 12.673 Thread 0x000002db6c76b800 DEOPT UNPACKING pc=0x000002db5199a95e sp=0x000000e1da5fd1d0 mode 0
Event: 12.689 Thread 0x000002db6c76b800 DEOPT PACKING pc=0x000002db52b7493e sp=0x000000e1da5fdb60
Event: 12.689 Thread 0x000002db6c76b800 DEOPT UNPACKING pc=0x000002db5199a95e sp=0x000000e1da5fd1d0 mode 0
Event: 12.699 Thread 0x000002db6c76b800 DEOPT PACKING pc=0x000002db52b7493e sp=0x000000e1da5fdb60
Event: 12.699 Thread 0x000002db6c76b800 DEOPT UNPACKING pc=0x000002db5199a95e sp=0x000000e1da5fd1d0 mode 0

Classes redefined (0 events):
No events

Internal exceptions (20 events):
Event: 6.451 Thread 0x000002db6aa24000 Exception <a 'java/lang/NoSuchMethodError'{0x000000008ab18a08}: 'java.lang.Object java.lang.invoke.Invokers$Holder.invoker(java.lang.Object, java.lang.Object, java.lang.Object, java.lang.Object, java.lang.Object, java.lang.Object, java.lang.Object, java.lang.Object, java.lang.Object, java.lang.Object, java.lang.Object, java.lang.Object, java.lang.Object, java.lang.Object, java.lang.Object, java.lang.Object, java.lang.Object, java.lang.Object, java.lang.Object, java.lang.Object)'> (0x000000008ab18a08) throw
Event: 6.451 Thread 0x000002db6aa24000 Exception <a 'java/lang/NoSuchMethodError'{0x000000008ab20310}: 'java.lang.Object java.lang.invoke.DelegatingMethodHandle$Holder.delegate(java.lang.Object, java.lang.Object, java.lang.Object, java.lang.Object, java.lang.Object, java.lang.Object, java.lang.Object, java.lang.Object, java.lang.Object, java.lang.Object, java.lang.Object, java.lang.Object, java.lang.Object, java.lang.Object, java.lang.Object, java.lang.Object, java.lang.Object, java.lang.Object, java.lang.Object, java.lang.Object)'> (0x00000000
Event: 6.458 Thread 0x000002db6aa24000 Exception <a 'java/lang/NoSuchMethodError'{0x000000008ab680a8}: 'java.lang.Object java.lang.invoke.DirectMethodHandle$Holder.invokeStatic(java.lang.Object, java.lang.Object, java.lang.Object, java.lang.Object, java.lang.Object, java.lang.Object, java.lang.Object, java.lang.Object, java.lang.Object, java.lang.Object, java.lang.Object, java.lang.Object, java.lang.Object, java.lang.Object, java.lang.Object)'> (0x000000008ab680a8) thrown at [./src/hotspot/share/interpreter/linkResolver.cpp, line 773]
Event: 6.461 Thread 0x000002db6aa24000 Exception <a 'java/lang/NoSuchMethodError'{0x000000008ab78d48}: 'java.lang.Object java.lang.invoke.DirectMethodHandle$Holder.invokeStatic(java.lang.Object, java.lang.Object, java.lang.Object, java.lang.Object, java.lang.Object, java.lang.Object, java.lang.Object, java.lang.Object, java.lang.Object, java.lang.Object, java.lang.Object, java.lang.Object, java.lang.Object, java.lang.Object, java.lang.Object, java.lang.Object)'> (0x000000008ab78d48) thrown at [./src/hotspot/share/interpreter/linkResolver.cpp, l
Event: 6.463 Thread 0x000002db6aa24000 Exception <a 'java/lang/NoSuchMethodError'{0x000000008ab899b0}: 'java.lang.Object java.lang.invoke.DelegatingMethodHandle$Holder.reinvoke_L(java.lang.Object, java.lang.Object, java.lang.Object, java.lang.Object, java.lang.Object, java.lang.Object, java.lang.Object, java.lang.Object, java.lang.Object, java.lang.Object, java.lang.Object, java.lang.Object, java.lang.Object, java.lang.Object, java.lang.Object, java.lang.Object, java.lang.Object, java.lang.Object, java.lang.Object)'> (0x000000008ab899b0) thrown
Event: 6.578 Thread 0x000002db6aa24000 Implicit null exception at 0x000002db5951c674 to 0x000002db5951c884
Event: 6.661 Thread 0x000002db6aa24000 Exception <a 'java/lang/ClassNotFoundException'{0x000000008a2b0938}: build_9h3vq5vvyx337di18ni5tzusmBeanInfo> (0x000000008a2b0938) thrown at [./src/hotspot/share/classfile/systemDictionary.cpp, line 231]
Event: 6.662 Thread 0x000002db6aa24000 Exception <a 'java/lang/ClassNotFoundException'{0x000000008a2c7b78}: org/gradle/api/internal/project/ProjectScriptBeanInfo> (0x000000008a2c7b78) thrown at [./src/hotspot/share/classfile/systemDictionary.cpp, line 231]
Event: 6.662 Thread 0x000002db6aa24000 Exception <a 'java/lang/ClassNotFoundException'{0x000000008a2def88}: org/gradle/api/internal/project/ProjectScriptCustomizer> (0x000000008a2def88) thrown at [./src/hotspot/share/classfile/systemDictionary.cpp, line 231]
Event: 6.663 Thread 0x000002db6aa24000 Exception <a 'java/lang/ClassNotFoundException'{0x000000008a2faf50}: build_9h3vq5vvyx337di18ni5tzusmCustomizer> (0x000000008a2faf50) thrown at [./src/hotspot/share/classfile/systemDictionary.cpp, line 231]
Event: 6.673 Thread 0x000002db6aa24000 Exception <a 'java/lang/ClassNotFoundException'{0x000000008a1820a8}: org/gradle/plugin/use/internal/PluginRequestCollector$PluginDependenciesSpecImplBeanInfo> (0x000000008a1820a8) thrown at [./src/hotspot/share/classfile/systemDictionary.cpp, line 231]
Event: 6.673 Thread 0x000002db6aa24000 Exception <a 'java/lang/ClassNotFoundException'{0x000000008a1b0f88}: org/gradle/plugin/use/internal/PluginRequestCollector$PluginDependenciesSpecImplCustomizer> (0x000000008a1b0f88) thrown at [./src/hotspot/share/classfile/systemDictionary.cpp, line 231]
Event: 6.677 Thread 0x000002db6aa24000 Exception <a 'java/lang/ClassNotFoundException'{0x000000008a0140e8}: org/gradle/plugin/use/internal/PluginRequestCollector$PluginDependencySpecImplBeanInfo> (0x000000008a0140e8) thrown at [./src/hotspot/share/classfile/systemDictionary.cpp, line 231]
Event: 6.678 Thread 0x000002db6aa24000 Exception <a 'java/lang/ClassNotFoundException'{0x000000008a042248}: org/gradle/plugin/use/internal/PluginRequestCollector$PluginDependencySpecImplCustomizer> (0x000000008a042248) thrown at [./src/hotspot/share/classfile/systemDictionary.cpp, line 231]
Event: 6.894 Thread 0x000002db6aa24000 Exception <a 'java/lang/NoSuchMethodError'{0x0000000088f841f8}: 'void java.lang.invoke.DirectMethodHandle$Holder.invokeStatic(java.lang.Object, java.lang.Object, java.lang.Object, int, java.lang.Object)'> (0x0000000088f841f8) thrown at [./src/hotspot/share/interpreter/linkResolver.cpp, line 773]
Event: 8.677 Thread 0x000002db6c76b800 Exception <a 'sun/nio/fs/WindowsException'{0x000000008c63ec58}> (0x000000008c63ec58) thrown at [./src/hotspot/share/prims/jni.cpp, line 615]
Event: 8.683 Thread 0x000002db6c773800 Exception <a 'sun/nio/fs/WindowsException'{0x000000008cc67918}> (0x000000008cc67918) thrown at [./src/hotspot/share/prims/jni.cpp, line 615]
Event: 11.904 Thread 0x000002db6c773800 Implicit null exception at 0x000002db5977fdb7 to 0x000002db59780594
Event: 11.941 Thread 0x000002db6c773800 Exception <a 'sun/nio/fs/WindowsException'{0x00000000895fd260}> (0x00000000895fd260) thrown at [./src/hotspot/share/prims/jni.cpp, line 615]
Event: 11.943 Thread 0x000002db6c773800 Exception <a 'sun/nio/fs/WindowsException'{0x00000000895fd3f8}> (0x00000000895fd3f8) thrown at [./src/hotspot/share/prims/jni.cpp, line 615]

Events (20 events):
Event: 11.758 loading class org/gradle/launcher/daemon/server/CompatibleDaemonExpirationStrategy$1
Event: 11.758 loading class org/gradle/launcher/daemon/server/CompatibleDaemonExpirationStrategy$1 done
Event: 11.758 loading class org/gradle/launcher/daemon/registry/PersistentDaemonRegistry$1
Event: 11.758 loading class org/gradle/launcher/daemon/registry/PersistentDaemonRegistry$1 done
Event: 11.758 loading class org/gradle/cache/internal/SimpleStateCache$1
Event: 11.758 loading class org/gradle/cache/internal/SimpleStateCache$1 done
Event: 11.777 loading class org/gradle/launcher/daemon/server/DaemonRegistryUnavailableExpirationStrategy$1
Event: 11.777 loading class org/gradle/launcher/daemon/server/DaemonRegistryUnavailableExpirationStrategy$1 done
Event: 11.778 loading class com/google/common/collect/Lists$TransformingSequentialList
Event: 11.778 loading class com/google/common/collect/Lists$TransformingSequentialList done
Event: 11.778 loading class com/google/common/collect/Lists$TransformingSequentialList$1
Event: 11.778 loading class com/google/common/collect/Lists$TransformingSequentialList$1 done
Event: 11.779 loading class com/google/common/collect/TransformedListIterator
Event: 11.779 loading class com/google/common/collect/TransformedListIterator done
Event: 11.784 Executing VM operation: G1CollectForAllocation
Event: 11.789 Executing VM operation: G1CollectForAllocation done
Event: 12.111 Executing VM operation: G1CollectForAllocation
Event: 12.115 Executing VM operation: G1CollectForAllocation done
Event: 12.534 Executing VM operation: G1CollectForAllocation
Event: 12.538 Executing VM operation: G1CollectForAllocation done


Dynamic libraries:
0x00007ff7d9640000 - 0x00007ff7d964a000 	D:\Development Software\Android Studio\jre\bin\java.exe
0x00007ffd261f0000 - 0x00007ffd263e8000 	C:\Windows\SYSTEM32\ntdll.dll
0x00007ffd25090000 - 0x00007ffd2514d000 	C:\Windows\System32\KERNEL32.DLL
0x00007ffd23a80000 - 0x00007ffd23d4e000 	C:\Windows\System32\KERNELBASE.dll
0x00007ffd21260000 - 0x00007ffd212f0000 	C:\Windows\SYSTEM32\apphelp.dll
0x00007ffd23980000 - 0x00007ffd23a80000 	C:\Windows\System32\ucrtbase.dll
0x00007ffd1c460000 - 0x00007ffd1c477000 	D:\Development Software\Android Studio\jre\bin\VCRUNTIME140.dll
0x00007ffd1c440000 - 0x00007ffd1c459000 	D:\Development Software\Android Studio\jre\bin\jli.dll
0x00007ffd25160000 - 0x00007ffd25300000 	C:\Windows\System32\USER32.dll
0x00007ffd23d50000 - 0x00007ffd23d72000 	C:\Windows\System32\win32u.dll
0x00007ffd0f8d0000 - 0x00007ffd0fb6a000 	C:\Windows\WinSxS\amd64_microsoft.windows.common-controls_6595b64144ccf1df_6.0.19041.1110_none_60b5254171f9507e\COMCTL32.dll
0x00007ffd25490000 - 0x00007ffd254ba000 	C:\Windows\System32\GDI32.dll
0x00007ffd249d0000 - 0x00007ffd24a6e000 	C:\Windows\System32\msvcrt.dll
0x00007ffd23f10000 - 0x00007ffd2401b000 	C:\Windows\System32\gdi32full.dll
0x00007ffd240b0000 - 0x00007ffd2414d000 	C:\Windows\System32\msvcp_win.dll
0x00007ffd24fd0000 - 0x00007ffd25000000 	C:\Windows\System32\IMM32.DLL
0x00007ffcfada0000 - 0x00007ffcfae3d000 	D:\Development Software\Android Studio\jre\bin\msvcp140.dll
0x00007ffca25e0000 - 0x00007ffca30c5000 	D:\Development Software\Android Studio\jre\bin\server\jvm.dll
0x00007ffd254c0000 - 0x00007ffd2556e000 	C:\Windows\System32\ADVAPI32.dll
0x00007ffd24800000 - 0x00007ffd2489c000 	C:\Windows\System32\sechost.dll
0x00007ffd25300000 - 0x00007ffd25425000 	C:\Windows\System32\RPCRT4.dll
0x00007ffd25570000 - 0x00007ffd25578000 	C:\Windows\System32\PSAPI.DLL
0x00007ffd18300000 - 0x00007ffd18309000 	C:\Windows\SYSTEM32\WSOCK32.dll
0x00007ffd17460000 - 0x00007ffd17487000 	C:\Windows\SYSTEM32\WINMM.dll
0x00007ffd19bd0000 - 0x00007ffd19bda000 	C:\Windows\SYSTEM32\VERSION.dll
0x00007ffd26020000 - 0x00007ffd2608b000 	C:\Windows\System32\WS2_32.dll
0x00007ffd21830000 - 0x00007ffd21842000 	C:\Windows\SYSTEM32\kernel.appcore.dll
0x00007ffd1c9b0000 - 0x00007ffd1c9c1000 	D:\Development Software\Android Studio\jre\bin\verify.dll
0x00007ffd1dee0000 - 0x00007ffd1e0c4000 	C:\Windows\SYSTEM32\DBGHELP.DLL
0x00007ffd1d5a0000 - 0x00007ffd1d5cc000 	C:\Windows\SYSTEM32\dbgcore.DLL
0x00007ffd24020000 - 0x00007ffd240a2000 	C:\Windows\System32\bcryptPrimitives.dll
0x00007ffd01610000 - 0x00007ffd01639000 	D:\Development Software\Android Studio\jre\bin\java.dll
0x00007ffd1d640000 - 0x00007ffd1d64b000 	D:\Development Software\Android Studio\jre\bin\jimage.dll
0x00007ffcffd80000 - 0x00007ffcffd98000 	D:\Development Software\Android Studio\jre\bin\zip.dll
0x00007ffd25640000 - 0x00007ffd25d84000 	C:\Windows\System32\SHELL32.dll
0x00007ffd21a30000 - 0x00007ffd221c4000 	C:\Windows\SYSTEM32\windows.storage.dll
0x00007ffd24bf0000 - 0x00007ffd24f44000 	C:\Windows\System32\combase.dll
0x00007ffd232a0000 - 0x00007ffd232d0000 	C:\Windows\SYSTEM32\Wldp.dll
0x00007ffd25590000 - 0x00007ffd2563d000 	C:\Windows\System32\SHCORE.dll
0x00007ffd25430000 - 0x00007ffd25485000 	C:\Windows\System32\shlwapi.dll
0x00007ffd23850000 - 0x00007ffd2386f000 	C:\Windows\SYSTEM32\profapi.dll
0x00007ffcffcf0000 - 0x00007ffcffd0a000 	D:\Development Software\Android Studio\jre\bin\net.dll
0x00007ffd1d900000 - 0x00007ffd1da0a000 	C:\Windows\SYSTEM32\WINHTTP.dll
0x00007ffd23000000 - 0x00007ffd2306a000 	C:\Windows\system32\mswsock.dll
0x00007ffcffc00000 - 0x00007ffcffc14000 	D:\Development Software\Android Studio\jre\bin\nio.dll
0x00007ffd04750000 - 0x00007ffd04777000 	C:\Users\Khalid\.gradle\native\e1d6ef7f7dcc3fd88c89a11ec53ec762bb8ba0a96d01ffa2cd45eb1d1d8dd5c5\windows-amd64\native-platform.dll
0x00007ffcfa7c0000 - 0x00007ffcfa904000 	C:\Users\Khalid\.gradle\native\5664cfc778a61ccfe75a443a1ab52a65af34e5dc3c78e0209fed803814484fcb\windows-amd64\native-platform-file-events.dll
0x00007ffcffd70000 - 0x00007ffcffd7a000 	D:\Development Software\Android Studio\jre\bin\management.dll
0x00007ffcffbf0000 - 0x00007ffcffbfd000 	D:\Development Software\Android Studio\jre\bin\management_ext.dll
0x00007ffd231f0000 - 0x00007ffd23208000 	C:\Windows\SYSTEM32\CRYPTSP.dll
0x00007ffd22980000 - 0x00007ffd229b4000 	C:\Windows\system32\rsaenh.dll
0x00007ffd23d80000 - 0x00007ffd23da7000 	C:\Windows\System32\bcrypt.dll
0x00007ffd23810000 - 0x00007ffd2383e000 	C:\Windows\SYSTEM32\USERENV.dll
0x00007ffd23210000 - 0x00007ffd2321c000 	C:\Windows\SYSTEM32\CRYPTBASE.dll
0x00007ffd22cf0000 - 0x00007ffd22d2b000 	C:\Windows\SYSTEM32\IPHLPAPI.DLL
0x00007ffd25580000 - 0x00007ffd25588000 	C:\Windows\System32\NSI.dll
0x00007ffd1efa0000 - 0x00007ffd1efb7000 	C:\Windows\SYSTEM32\dhcpcsvc6.DLL
0x00007ffd1ef80000 - 0x00007ffd1ef9d000 	C:\Windows\SYSTEM32\dhcpcsvc.DLL
0x00007ffd22d30000 - 0x00007ffd22dfa000 	C:\Windows\SYSTEM32\DNSAPI.dll

dbghelp: loaded successfully - version: 4.0.5 - missing functions: none
symbol engine: initialized successfully - sym options: 0x614 - pdb path: .;D:\Development Software\Android Studio\jre\bin;C:\Windows\SYSTEM32;C:\Windows\WinSxS\amd64_microsoft.windows.common-controls_6595b64144ccf1df_6.0.19041.1110_none_60b5254171f9507e;D:\Development Software\Android Studio\jre\bin\server;C:\Users\Khalid\.gradle\native\e1d6ef7f7dcc3fd88c89a11ec53ec762bb8ba0a96d01ffa2cd45eb1d1d8dd5c5\windows-amd64;C:\Users\Khalid\.gradle\native\5664cfc778a61ccfe75a443a1ab52a65af34e5dc3c78e0209fed803814484fcb\windows-amd64

VM Arguments:
jvm_args: --add-opens=java.base/java.util=ALL-UNNAMED --add-opens=java.base/java.lang=ALL-UNNAMED --add-opens=java.base/java.lang.invoke=ALL-UNNAMED --add-opens=java.base/java.util=ALL-UNNAMED --add-opens=java.prefs/java.util.prefs=ALL-UNNAMED --add-opens=java.prefs/java.util.prefs=ALL-UNNAMED --add-opens=java.base/java.nio.charset=ALL-UNNAMED --add-opens=java.base/java.net=ALL-UNNAMED --add-opens=java.base/java.util.concurrent.atomic=ALL-UNNAMED -Xmx2048m -Dfile.encoding=UTF-8 -Duser.country=US -Duser.language=en -Duser.variant 
java_command: org.gradle.launcher.daemon.bootstrap.GradleDaemon 7.3.3
java_class_path (initial): C:\Users\Khalid\.gradle\wrapper\dists\gradle-7.3.3-bin\6a41zxkdtcxs8rphpq6y0069z\gradle-7.3.3\lib\gradle-launcher-7.3.3.jar
Launcher Type: SUN_STANDARD

[Global flags]
     intx CICompilerCount                          = 4                                         {product} {ergonomic}
     uint ConcGCThreads                            = 3                                         {product} {ergonomic}
     uint G1ConcRefinementThreads                  = 10                                        {product} {ergonomic}
   size_t G1HeapRegionSize                         = 1048576                                   {product} {ergonomic}
    uintx GCDrainStackTargetSize                   = 64                                        {product} {ergonomic}
   size_t InitialHeapSize                          = 234881024                                 {product} {ergonomic}
   size_t MarkStackSize                            = 4194304                                   {product} {ergonomic}
   size_t MaxHeapSize                              = 2147483648                                {product} {command line}
   size_t MaxNewSize                               = 1287651328                                {product} {ergonomic}
   size_t MinHeapDeltaBytes                        = 1048576                                   {product} {ergonomic}
    uintx NonNMethodCodeHeapSize                   = 5836300                                {pd product} {ergonomic}
    uintx NonProfiledCodeHeapSize                  = 122910970                              {pd product} {ergonomic}
    uintx ProfiledCodeHeapSize                     = 122910970                              {pd product} {ergonomic}
    uintx ReservedCodeCacheSize                    = 251658240                              {pd product} {ergonomic}
     bool SegmentedCodeCache                       = true                                      {product} {ergonomic}
     bool UseCompressedClassPointers               = true                                 {lp64_product} {ergonomic}
     bool UseCompressedOops                        = true                                 {lp64_product} {ergonomic}
     bool UseG1GC                                  = true                                      {product} {ergonomic}
     bool UseLargePagesIndividualAllocation        = false                                  {pd product} {ergonomic}

Logging:
Log output configuration:
 #0: stdout all=warning uptime,level,tags
 #1: stderr all=off uptime,level,tags

Environment Variables:
PATH=C:\Program Files (x86)\Common Files\Oracle\Java\javapath;C:\Windows\system32;C:\Windows;C:\Windows\System32\Wbem;C:\Windows\System32\WindowsPowerShell\v1.0\;C:\Windows\System32\OpenSSH\;C:\Program Files\Microsoft SQL Server\Client SDK\ODBC\170\Tools\Binn\;C:\Program Files (x86)\Microsoft SQL Server\150\Tools\Binn\;C:\Program Files\Microsoft SQL Server\150\Tools\Binn\;C:\Program Files\Microsoft SQL Server\150\DTS\Binn\;C:\Program Files\Git\cmd;C:\Users\Khalid\AppData\Local\Programs\Python\Python310;C:\Users\Khalid\AppData\Local\Programs\Python\Python310\Scripts\;C:\Users\Khalid\AppData\Local\Programs\Python\Python310\;C:\Users\Khalid\scoop\shims;C:\Users\Khalid\AppData\Local\Microsoft\WindowsApps;C:\Program Files\Azure Data Studio\bin;D:\Development Software\sqlite;;D:\Development Software\IntelliJ IDEA Community Edition\IntelliJ IDEA Community Edition 2021.2.1\bin;;D:\Development Software\Microsoft VS Code\bin;D:\Development Software\heroku\bin
USERNAME=Khalid
OS=Windows_NT
PROCESSOR_IDENTIFIER=AMD64 Family 23 Model 96 Stepping 1, AuthenticAMD



---------------  S Y S T E M  ---------------

OS: Windows 10 , 64 bit Build 19041 (10.0.19041.1889)
OS uptime: 0 days 4:12 hours

CPU:total 12 (initial active 12) (12 cores per cpu, 2 threads per core) family 23 model 96 stepping 1 microcode 0x0, cmov, cx8, fxsr, mmx, sse, sse2, sse3, ssse3, sse4.1, sse4.2, popcnt, avx, avx2, aes, clmul, mmxext, 3dnowpref, lzcnt, sse4a, ht, tsc, tscinvbit, tscinv, bmi1, bmi2, adx, sha, fma

Memory: 4k page, system-wide physical 14229M (531M free)
TotalPageFile size 27041M (AvailPageFile size 8M)
current process WorkingSet (physical memory assigned to process): 443M, peak: 452M
current process commit charge ("private bytes"): 514M, peak: 526M

vm_info: OpenJDK 64-Bit Server VM (11.0.12+7-b1504.28-7817840) for windows-amd64 JRE (11.0.12+7-b1504.28-7817840), built on Oct 13 2021 22:12:33 by "builder" with MS VC++ 14.0 (VS2015)

END.
